riscv32-unknown-elf-objdump -Mmarch=rv32imcxgap9  -d /home/ICer/Desktop/ISOLATION/regression_tests/DPD/build/test/test

/home/ICer/Desktop/ISOLATION/regression_tests/DPD/build/test/test:     file format elf32-littleriscv


Disassembly of section .vectors:

1c008000 <__irq_vector_base>:
1c008000:	37a0106f          	j	1c00937a <__rt_handle_illegal_instr>
1c008004:	0840006f          	j	1c008088 <pos_no_irq_handler>
1c008008:	0800006f          	j	1c008088 <pos_no_irq_handler>
1c00800c:	07c0006f          	j	1c008088 <pos_no_irq_handler>
1c008010:	0780006f          	j	1c008088 <pos_no_irq_handler>
1c008014:	0740006f          	j	1c008088 <pos_no_irq_handler>
1c008018:	0700006f          	j	1c008088 <pos_no_irq_handler>
1c00801c:	06c0006f          	j	1c008088 <pos_no_irq_handler>
1c008020:	0680006f          	j	1c008088 <pos_no_irq_handler>
1c008024:	0640006f          	j	1c008088 <pos_no_irq_handler>
1c008028:	0600006f          	j	1c008088 <pos_no_irq_handler>
1c00802c:	05c0006f          	j	1c008088 <pos_no_irq_handler>
1c008030:	0580006f          	j	1c008088 <pos_no_irq_handler>
1c008034:	0540006f          	j	1c008088 <pos_no_irq_handler>
1c008038:	0500006f          	j	1c008088 <pos_no_irq_handler>
1c00803c:	04c0006f          	j	1c008088 <pos_no_irq_handler>
1c008040:	0480006f          	j	1c008088 <pos_no_irq_handler>
1c008044:	0440006f          	j	1c008088 <pos_no_irq_handler>
1c008048:	0400006f          	j	1c008088 <pos_no_irq_handler>
1c00804c:	03c0006f          	j	1c008088 <pos_no_irq_handler>
1c008050:	0380006f          	j	1c008088 <pos_no_irq_handler>
1c008054:	0340006f          	j	1c008088 <pos_no_irq_handler>
1c008058:	0300006f          	j	1c008088 <pos_no_irq_handler>
1c00805c:	02c0006f          	j	1c008088 <pos_no_irq_handler>
1c008060:	0280006f          	j	1c008088 <pos_no_irq_handler>
1c008064:	0240006f          	j	1c008088 <pos_no_irq_handler>
1c008068:	0200006f          	j	1c008088 <pos_no_irq_handler>
1c00806c:	01c0006f          	j	1c008088 <pos_no_irq_handler>
1c008070:	0180006f          	j	1c008088 <pos_no_irq_handler>
1c008074:	0140006f          	j	1c008088 <pos_no_irq_handler>
1c008078:	0100006f          	j	1c008088 <pos_no_irq_handler>
1c00807c:	00c0006f          	j	1c008088 <pos_no_irq_handler>

1c008080 <_start>:
1c008080:	0640006f          	j	1c0080e4 <_stext>

1c008084 <pos_illegal_instr>:
1c008084:	2f60106f          	j	1c00937a <__rt_handle_illegal_instr>

1c008088 <pos_no_irq_handler>:
1c008088:	30200073          	mret

1c00808c <pos_semihosting_call>:
1c00808c:	00100073          	ebreak
1c008090:	00008067          	ret

1c008094 <pe_start>:
1c008094:	f3ff8117          	auipc	sp,0xf3ff8
1c008098:	f7010113          	addi	sp,sp,-144 # 10000004 <cluster_stacks>
1c00809c:	00012103          	lw	sp,0(sp)
1c0080a0:	000011b7          	lui	gp,0x1
1c0080a4:	80018193          	addi	gp,gp,-2048 # 800 <__cluster_text_size+0x800>
1c0080a8:	00158593          	addi	a1,a1,1
1c0080ac:	02b180b3          	mul	ra,gp,a1
1c0080b0:	00110133          	add	sp,sp,ra
1c0080b4:	3860106f          	j	1c00943a <cluster_entry_stub>

1c0080b8 <do_cl_boot>:
1c0080b8:	10200137          	lui	sp,0x10200
1c0080bc:	00100193          	li	gp,1
1c0080c0:	00000217          	auipc	tp,0x0
1c0080c4:	fc020213          	addi	tp,tp,-64 # 1c008080 <_start>
1c0080c8:	04412023          	sw	tp,64(sp) # 10200040 <__l2_shared_end+0x200038>
1c0080cc:	00312423          	sw	gp,8(sp)

1c0080d0 <loop>:
1c0080d0:	1a10a137          	lui	sp,0x1a10a
1c0080d4:	80010113          	addi	sp,sp,-2048 # 1a109800 <__l2_shared_end+0xa1097f8>
1c0080d8:	00012023          	sw	zero,0(sp)
1c0080dc:	10500073          	wfi
1c0080e0:	ff1ff06f          	j	1c0080d0 <loop>

Disassembly of section .text:

1c0080e4 <_stext>:
1c0080e4:	f1402573          	csrr	a0,mhartid
1c0080e8:	01f57593          	andi	a1,a0,31
1c0080ec:	8115                	srli	a0,a0,0x5
1c0080ee:	467d                	li	a2,31
1c0080f0:	00c50463          	beq	a0,a2,1c0080f8 <_stext+0x14>
1c0080f4:	fa1ff06f          	j	1c008094 <pe_start>
1c0080f8:	fffff297          	auipc	t0,0xfffff
1c0080fc:	8f828293          	addi	t0,t0,-1800 # 1c0069f0 <_edata>
1c008100:	fffff317          	auipc	t1,0xfffff
1c008104:	92830313          	addi	t1,t1,-1752 # 1c006a28 <__l2_priv0_end>
1c008108:	0002a023          	sw	zero,0(t0)
1c00810c:	0291                	addi	t0,t0,4
1c00810e:	fe62ede3          	bltu	t0,t1,1c008108 <_stext+0x24>
1c008112:	ffff8117          	auipc	sp,0xffff8
1c008116:	75e10113          	addi	sp,sp,1886 # 1c000870 <stack>
1c00811a:	08e010ef          	jal	ra,1c0091a8 <pos_init_start>
1c00811e:	00000513          	li	a0,0
1c008122:	00000593          	li	a1,0
1c008126:	00000397          	auipc	t2,0x0
1c00812a:	09e38393          	addi	t2,t2,158 # 1c0081c4 <main>
1c00812e:	000380e7          	jalr	t2
1c008132:	842a                	mv	s0,a0
1c008134:	0d0010ef          	jal	ra,1c009204 <pos_init_stop>
1c008138:	8522                	mv	a0,s0
1c00813a:	480000ef          	jal	ra,1c0085ba <exit>

1c00813e <actuator_func_single>:
1c00813e:	00051803          	lh	a6,0(a0)
1c008142:	00251883          	lh	a7,2(a0)
1c008146:	03080633          	mul	a2,a6,a6
1c00814a:	8629                	srai	a2,a2,0xa
1c00814c:	03188733          	mul	a4,a7,a7
1c008150:	8729                	srai	a4,a4,0xa
1c008152:	9732                	add	a4,a4,a2
1c008154:	10074633          	p.exths	a2,a4
1c008158:	02c606b3          	mul	a3,a2,a2
1c00815c:	dea685b3          	p.extract	a1,a3,15,10
1c008160:	00361693          	slli	a3,a2,0x3
1c008164:	40c68733          	sub	a4,a3,a2
1c008168:	070a                	slli	a4,a4,0x2
1c00816a:	14c7375b          	p.subn	a4,a4,a2,10
1c00816e:	6785                	lui	a5,0x1
1c008170:	17f1                	addi	a5,a5,-4
1c008172:	973e                	add	a4,a4,a5
1c008174:	08b00793          	li	a5,139
1c008178:	02f587b3          	mul	a5,a1,a5
1c00817c:	87a9                	srai	a5,a5,0xa
1c00817e:	973e                	add	a4,a4,a5
1c008180:	100747b3          	p.exths	a5,a4
1c008184:	40a6d713          	srai	a4,a3,0xa
1c008188:	03170713          	addi	a4,a4,49
1c00818c:	00359693          	slli	a3,a1,0x3
1c008190:	96ae                	add	a3,a3,a1
1c008192:	0696                	slli	a3,a3,0x5
1c008194:	14b6a6db          	p.addn	a3,a3,a1,10
1c008198:	9736                	add	a4,a4,a3
1c00819a:	10074733          	p.exths	a4,a4
1c00819e:	030786b3          	mul	a3,a5,a6
1c0081a2:	86a9                	srai	a3,a3,0xa
1c0081a4:	03170633          	mul	a2,a4,a7
1c0081a8:	8629                	srai	a2,a2,0xa
1c0081aa:	8e91                	sub	a3,a3,a2
1c0081ac:	00d51223          	sh	a3,4(a0)
1c0081b0:	031787b3          	mul	a5,a5,a7
1c0081b4:	87a9                	srai	a5,a5,0xa
1c0081b6:	03070733          	mul	a4,a4,a6
1c0081ba:	8729                	srai	a4,a4,0xa
1c0081bc:	97ba                	add	a5,a5,a4
1c0081be:	00f51323          	sh	a5,6(a0)
1c0081c2:	8082                	ret

1c0081c4 <main>:
1c0081c4:	7179                	addi	sp,sp,-48
1c0081c6:	d606                	sw	ra,44(sp)
1c0081c8:	d422                	sw	s0,40(sp)
1c0081ca:	d226                	sw	s1,36(sp)
1c0081cc:	d04a                	sw	s2,32(sp)
1c0081ce:	ce4e                	sw	s3,28(sp)
1c0081d0:	cc52                	sw	s4,24(sp)
1c0081d2:	f14027f3          	csrr	a5,mhartid
1c0081d6:	ca5797b3          	p.extractu	a5,a5,5,5
1c0081da:	12079c63          	bnez	a5,1c008312 <main+0x14e>
1c0081de:	f1402473          	csrr	s0,mhartid
1c0081e2:	f4543433          	p.bclr	s0,s0,26,5
1c0081e6:	8a22                	mv	s4,s0
1c0081e8:	4621                	li	a2,8
1c0081ea:	85a2                	mv	a1,s0
1c0081ec:	1c000537          	lui	a0,0x1c000
1c0081f0:	01c50513          	addi	a0,a0,28 # 1c00001c <__DTOR_END__>
1c0081f4:	26c5                	jal	1c0085d4 <printf>
1c0081f6:	362010ef          	jal	ra,1c009558 <synch_barrier>
1c0081fa:	4781                	li	a5,0
1c0081fc:	4801                	li	a6,0
1c0081fe:	c43e                	sw	a5,8(sp)
1c008200:	c642                	sw	a6,12(sp)
1c008202:	577d                	li	a4,-1
1c008204:	32071073          	csrw	0x320,a4
1c008208:	32079073          	csrw	0x320,a5
1c00820c:	32073073          	csrc	0x320,a4
1c008210:	4291                	li	t0,4
1c008212:	32329073          	csrw	0x323,t0
1c008216:	4fa1                	li	t6,8
1c008218:	324f9073          	csrw	0x324,t6
1c00821c:	4f41                	li	t5,16
1c00821e:	325f1073          	csrw	0x325,t5
1c008222:	02000e93          	li	t4,32
1c008226:	326e9073          	csrw	0x326,t4
1c00822a:	04000e13          	li	t3,64
1c00822e:	327e1073          	csrw	0x327,t3
1c008232:	08000313          	li	t1,128
1c008236:	32831073          	csrw	0x328,t1
1c00823a:	10000893          	li	a7,256
1c00823e:	32989073          	csrw	0x329,a7
1c008242:	20000813          	li	a6,512
1c008246:	32a81073          	csrw	0x32a,a6
1c00824a:	40000513          	li	a0,1024
1c00824e:	32b51073          	csrw	0x32b,a0
1c008252:	6785                	lui	a5,0x1
1c008254:	80078593          	addi	a1,a5,-2048 # 800 <__cluster_text_size+0x800>
1c008258:	32c59073          	csrw	0x32c,a1
1c00825c:	32d79073          	csrw	0x32d,a5
1c008260:	6609                	lui	a2,0x2
1c008262:	32e61073          	csrw	0x32e,a2
1c008266:	66a1                	lui	a3,0x8
1c008268:	32f69073          	csrw	0x32f,a3
1c00826c:	32073073          	csrc	0x320,a4
1c008270:	32329073          	csrw	0x323,t0
1c008274:	324f9073          	csrw	0x324,t6
1c008278:	325f1073          	csrw	0x325,t5
1c00827c:	326e9073          	csrw	0x326,t4
1c008280:	327e1073          	csrw	0x327,t3
1c008284:	32831073          	csrw	0x328,t1
1c008288:	32989073          	csrw	0x329,a7
1c00828c:	32a81073          	csrw	0x32a,a6
1c008290:	32b51073          	csrw	0x32b,a0
1c008294:	32c59073          	csrw	0x32c,a1
1c008298:	32d79073          	csrw	0x32d,a5
1c00829c:	32e61073          	csrw	0x32e,a2
1c0082a0:	32f69073          	csrw	0x32f,a3
1c0082a4:	e849                	bnez	s0,1c008336 <main+0x172>
1c0082a6:	1a10b7b7          	lui	a5,0x1a10b
1c0082aa:	02478693          	addi	a3,a5,36 # 1a10b024 <__l2_shared_end+0xa10b01c>
1c0082ae:	4705                	li	a4,1
1c0082b0:	c298                	sw	a4,0(a3)
1c0082b2:	07f1                	addi	a5,a5,28
1c0082b4:	c398                	sw	a4,0(a5)
1c0082b6:	2a2010ef          	jal	ra,1c009558 <synch_barrier>
1c0082ba:	00141913          	slli	s2,s0,0x1
1c0082be:	1c0044b7          	lui	s1,0x1c004
1c0082c2:	93048493          	addi	s1,s1,-1744 # 1c003930 <input_r>
1c0082c6:	94ca                	add	s1,s1,s2
1c0082c8:	1c0017b7          	lui	a5,0x1c001
1c0082cc:	87078793          	addi	a5,a5,-1936 # 1c000870 <stack>
1c0082d0:	993e                	add	s2,s2,a5
1c0082d2:	6989                	lui	s3,0x2
1c0082d4:	85f98993          	addi	s3,s3,-1953 # 185f <__cluster_text_size+0x185f>
1c0082d8:	0104978b          	p.lh	a5,16(s1!)
1c0082dc:	00f11423          	sh	a5,8(sp)
1c0082e0:	0109178b          	p.lh	a5,16(s2!)
1c0082e4:	00f11523          	sh	a5,10(sp)
1c0082e8:	0028                	addi	a0,sp,8
1c0082ea:	3d91                	jal	1c00813e <actuator_func_single>
1c0082ec:	0421                	addi	s0,s0,8
1c0082ee:	fe89d5e3          	ble	s0,s3,1c0082d8 <main+0x114>
1c0082f2:	266010ef          	jal	ra,1c009558 <synch_barrier>
1c0082f6:	020a0263          	beqz	s4,1c00831a <main+0x156>
1c0082fa:	57fd                	li	a5,-1
1c0082fc:	32079073          	csrw	0x320,a5
1c008300:	4501                	li	a0,0
1c008302:	50b2                	lw	ra,44(sp)
1c008304:	5422                	lw	s0,40(sp)
1c008306:	5492                	lw	s1,36(sp)
1c008308:	5902                	lw	s2,32(sp)
1c00830a:	49f2                	lw	s3,28(sp)
1c00830c:	4a62                	lw	s4,24(sp)
1c00830e:	6145                	addi	sp,sp,48
1c008310:	8082                	ret
1c008312:	4501                	li	a0,0
1c008314:	112010ef          	jal	ra,1c009426 <bench_cluster_forward>
1c008318:	b7ed                	j	1c008302 <main+0x13e>
1c00831a:	1a10b7b7          	lui	a5,0x1a10b
1c00831e:	00478713          	addi	a4,a5,4 # 1a10b004 <__l2_shared_end+0xa10affc>
1c008322:	00072023          	sw	zero,0(a4)
1c008326:	07b1                	addi	a5,a5,12
1c008328:	438c                	lw	a1,0(a5)
1c00832a:	1c000537          	lui	a0,0x1c000
1c00832e:	04050513          	addi	a0,a0,64 # 1c000040 <__DTOR_END__+0x24>
1c008332:	244d                	jal	1c0085d4 <printf>
1c008334:	b7d9                	j	1c0082fa <main+0x136>
1c008336:	222010ef          	jal	ra,1c009558 <synch_barrier>
1c00833a:	b741                	j	1c0082ba <main+0xf6>

1c00833c <pos_fll_set_freq>:
1c00833c:	10059733          	p.fl1	a4,a1
1c008340:	47f5                	li	a5,29
1c008342:	82e7b7db          	p.subun	a5,a5,a4,1
1c008346:	cfa1                	beqz	a5,1c00839e <pos_fll_set_freq+0x62>
1c008348:	00f595b3          	sll	a1,a1,a5
1c00834c:	fff78693          	addi	a3,a5,-1
1c008350:	4705                	li	a4,1
1c008352:	00d71733          	sll	a4,a4,a3
1c008356:	dc05b6b3          	p.bclr	a3,a1,14,0
1c00835a:	c0f6a75b          	p.addunr	a4,a3,a5
1c00835e:	00251693          	slli	a3,a0,0x2
1c008362:	1c007637          	lui	a2,0x1c007
1c008366:	9fc60613          	addi	a2,a2,-1540 # 1c0069fc <pos_fll_freq>
1c00836a:	00e666a3          	p.sw	a4,a3(a2)
1c00836e:	1c0076b7          	lui	a3,0x1c007
1c008372:	9f068693          	addi	a3,a3,-1552 # 1c0069f0 <_edata>
1c008376:	96aa                	add	a3,a3,a0
1c008378:	0006c683          	lbu	a3,0(a3)
1c00837c:	ce99                	beqz	a3,1c00839a <pos_fll_set_freq+0x5e>
1c00837e:	0512                	slli	a0,a0,0x4
1c008380:	1a1006b7          	lui	a3,0x1a100
1c008384:	0691                	addi	a3,a3,4
1c008386:	20d57603          	p.lw	a2,a3(a0)
1c00838a:	81bd                	srli	a1,a1,0xf
1c00838c:	de05a633          	p.insert	a2,a1,15,0
1c008390:	0785                	addi	a5,a5,1
1c008392:	c7a7a633          	p.insert	a2,a5,3,26
1c008396:	00c566a3          	p.sw	a2,a3(a0)
1c00839a:	853a                	mv	a0,a4
1c00839c:	8082                	ret
1c00839e:	4785                	li	a5,1
1c0083a0:	b765                	j	1c008348 <pos_fll_set_freq+0xc>

1c0083a2 <pos_fll_init>:
1c0083a2:	1141                	addi	sp,sp,-16
1c0083a4:	c606                	sw	ra,12(sp)
1c0083a6:	c422                	sw	s0,8(sp)
1c0083a8:	c226                	sw	s1,4(sp)
1c0083aa:	84aa                	mv	s1,a0
1c0083ac:	00451613          	slli	a2,a0,0x4
1c0083b0:	1a1007b7          	lui	a5,0x1a100
1c0083b4:	0791                	addi	a5,a5,4
1c0083b6:	97b2                	add	a5,a5,a2
1c0083b8:	4398                	lw	a4,0(a5)
1c0083ba:	86ba                	mv	a3,a4
1c0083bc:	04074063          	bltz	a4,1c0083fc <pos_fll_init+0x5a>
1c0083c0:	1a1005b7          	lui	a1,0x1a100
1c0083c4:	00858813          	addi	a6,a1,8 # 1a100008 <__l2_shared_end+0xa100000>
1c0083c8:	21067503          	p.lw	a0,a6(a2)
1c0083cc:	4899                	li	a7,6
1c0083ce:	caa8a533          	p.insert	a0,a7,5,10
1c0083d2:	05000893          	li	a7,80
1c0083d6:	d708a533          	p.insert	a0,a7,11,16
1c0083da:	00a66823          	p.sw	a0,a6(a2)
1c0083de:	05b1                	addi	a1,a1,12
1c0083e0:	20b67503          	p.lw	a0,a1(a2)
1c0083e4:	14c00813          	li	a6,332
1c0083e8:	d3082533          	p.insert	a0,a6,9,16
1c0083ec:	00a665a3          	p.sw	a0,a1(a2)
1c0083f0:	4605                	li	a2,1
1c0083f2:	c1e626b3          	p.insert	a3,a2,0,30
1c0083f6:	c1f626b3          	p.insert	a3,a2,0,31
1c0083fa:	c394                	sw	a3,0(a5)
1c0083fc:	00249413          	slli	s0,s1,0x2
1c008400:	1c0077b7          	lui	a5,0x1c007
1c008404:	9fc78793          	addi	a5,a5,-1540 # 1c0069fc <pos_fll_freq>
1c008408:	2087f403          	p.lw	s0,s0(a5)
1c00840c:	ec15                	bnez	s0,1c008448 <pos_fll_init+0xa6>
1c00840e:	10075433          	p.exthz	s0,a4
1c008412:	043e                	slli	s0,s0,0xf
1c008414:	c7a696b3          	p.extractu	a3,a3,3,26
1c008418:	16fd                	addi	a3,a3,-1
1c00841a:	00d45433          	srl	s0,s0,a3
1c00841e:	00249793          	slli	a5,s1,0x2
1c008422:	1c007737          	lui	a4,0x1c007
1c008426:	9fc70713          	addi	a4,a4,-1540 # 1c0069fc <pos_fll_freq>
1c00842a:	008767a3          	p.sw	s0,a5(a4)
1c00842e:	1c0077b7          	lui	a5,0x1c007
1c008432:	9f078793          	addi	a5,a5,-1552 # 1c0069f0 <_edata>
1c008436:	4705                	li	a4,1
1c008438:	00e7c4a3          	p.sb	a4,s1(a5)
1c00843c:	8522                	mv	a0,s0
1c00843e:	40b2                	lw	ra,12(sp)
1c008440:	4422                	lw	s0,8(sp)
1c008442:	4492                	lw	s1,4(sp)
1c008444:	0141                	addi	sp,sp,16
1c008446:	8082                	ret
1c008448:	85a2                	mv	a1,s0
1c00844a:	8526                	mv	a0,s1
1c00844c:	3dc5                	jal	1c00833c <pos_fll_set_freq>
1c00844e:	b7c5                	j	1c00842e <pos_fll_init+0x8c>

1c008450 <pos_fll_constructor>:
1c008450:	1c007737          	lui	a4,0x1c007
1c008454:	9e072e23          	sw	zero,-1540(a4) # 1c0069fc <pos_fll_freq>
1c008458:	1c0077b7          	lui	a5,0x1c007
1c00845c:	9f078793          	addi	a5,a5,-1552 # 1c0069f0 <_edata>
1c008460:	00078023          	sb	zero,0(a5)
1c008464:	9fc70713          	addi	a4,a4,-1540
1c008468:	00072223          	sw	zero,4(a4)
1c00846c:	000780a3          	sb	zero,1(a5)
1c008470:	00072423          	sw	zero,8(a4)
1c008474:	00078123          	sb	zero,2(a5)
1c008478:	8082                	ret

1c00847a <pos_soc_init>:
1c00847a:	1141                	addi	sp,sp,-16
1c00847c:	c606                	sw	ra,12(sp)
1c00847e:	c422                	sw	s0,8(sp)
1c008480:	3fc1                	jal	1c008450 <pos_fll_constructor>
1c008482:	4501                	li	a0,0
1c008484:	3f39                	jal	1c0083a2 <pos_fll_init>
1c008486:	1c007437          	lui	s0,0x1c007
1c00848a:	a0a42423          	sw	a0,-1528(s0) # 1c006a08 <pos_freq_domains>
1c00848e:	4505                	li	a0,1
1c008490:	3f09                	jal	1c0083a2 <pos_fll_init>
1c008492:	a0840413          	addi	s0,s0,-1528
1c008496:	c408                	sw	a0,8(s0)
1c008498:	4509                	li	a0,2
1c00849a:	3721                	jal	1c0083a2 <pos_fll_init>
1c00849c:	c048                	sw	a0,4(s0)
1c00849e:	40b2                	lw	ra,12(sp)
1c0084a0:	4422                	lw	s0,8(sp)
1c0084a2:	0141                	addi	sp,sp,16
1c0084a4:	8082                	ret

1c0084a6 <pos_libc_putc_stdout>:
1c0084a6:	f14027f3          	csrr	a5,mhartid
1c0084aa:	00279713          	slli	a4,a5,0x2
1c0084ae:	6689                	lui	a3,0x2
1c0084b0:	f8068693          	addi	a3,a3,-128 # 1f80 <__cluster_text_size+0x1f80>
1c0084b4:	8f75                	and	a4,a4,a3
1c0084b6:	078e                	slli	a5,a5,0x3
1c0084b8:	ee87b7b3          	p.bclr	a5,a5,23,8
1c0084bc:	1a10f6b7          	lui	a3,0x1a10f
1c0084c0:	97b6                	add	a5,a5,a3
1c0084c2:	00a767a3          	p.sw	a0,a5(a4)
1c0084c6:	8082                	ret

1c0084c8 <pos_wait_forever>:
1c0084c8:	f14027f3          	csrr	a5,mhartid
1c0084cc:	ca5797b3          	p.extractu	a5,a5,5,5
1c0084d0:	477d                	li	a4,31
1c0084d2:	00e79a63          	bne	a5,a4,1c0084e6 <pos_wait_forever+0x1e>
1c0084d6:	1a10a7b7          	lui	a5,0x1a10a
1c0084da:	577d                	li	a4,-1
1c0084dc:	80e7a423          	sw	a4,-2040(a5) # 1a109808 <__l2_shared_end+0xa109800>
1c0084e0:	10500073          	wfi
1c0084e4:	bff5                	j	1c0084e0 <pos_wait_forever+0x18>
1c0084e6:	002047b7          	lui	a5,0x204
1c0084ea:	00478713          	addi	a4,a5,4 # 204004 <__l1_heap_size+0x1f400c>
1c0084ee:	56fd                	li	a3,-1
1c0084f0:	c314                	sw	a3,0(a4)
1c0084f2:	0387e703          	p.elw	a4,56(a5)
1c0084f6:	a001                	j	1c0084f6 <pos_wait_forever+0x2e>

1c0084f8 <memcpy>:
1c0084f8:	872a                	mv	a4,a0
1c0084fa:	00a5e7b3          	or	a5,a1,a0
1c0084fe:	fa27b7b3          	p.bclr	a5,a5,29,2
1c008502:	cf81                	beqz	a5,1c00851a <memcpy+0x22>
1c008504:	00c587b3          	add	a5,a1,a2
1c008508:	8f8d                	sub	a5,a5,a1
1c00850a:	ca05                	beqz	a2,1c00853a <memcpy+0x42>
1c00850c:	0047c0fb          	lp.setup	x1,a5,1c008514 <memcpy+0x1c>
1c008510:	0015c68b          	p.lbu	a3,1(a1!)
1c008514:	00d700ab          	p.sb	a3,1(a4!)
1c008518:	8082                	ret
1c00851a:	fa2637b3          	p.bclr	a5,a2,29,2
1c00851e:	f3fd                	bnez	a5,1c008504 <memcpy+0xc>
1c008520:	de65                	beqz	a2,1c008518 <memcpy+0x20>
1c008522:	ffc60793          	addi	a5,a2,-4
1c008526:	8389                	srli	a5,a5,0x2
1c008528:	0785                	addi	a5,a5,1
1c00852a:	0067c0fb          	lp.setup	x1,a5,1c008536 <memcpy+0x3e>
1c00852e:	0045a68b          	p.lw	a3,4(a1!)
1c008532:	00d7222b          	p.sw	a3,4(a4!)
1c008536:	1671                	addi	a2,a2,-4
1c008538:	8082                	ret
1c00853a:	8082                	ret

1c00853c <memmove>:
1c00853c:	40b507b3          	sub	a5,a0,a1
1c008540:	00c7ec63          	bltu	a5,a2,1c008558 <memmove+0x1c>
1c008544:	87aa                	mv	a5,a0
1c008546:	ca01                	beqz	a2,1c008556 <memmove+0x1a>
1c008548:	004640fb          	lp.setup	x1,a2,1c008550 <memmove+0x14>
1c00854c:	0015c70b          	p.lbu	a4,1(a1!)
1c008550:	00e780ab          	p.sb	a4,1(a5!)
1c008554:	8082                	ret
1c008556:	8082                	ret
1c008558:	de75                	beqz	a2,1c008554 <memmove+0x18>
1c00855a:	167d                	addi	a2,a2,-1
1c00855c:	00c507b3          	add	a5,a0,a2
1c008560:	95b2                	add	a1,a1,a2
1c008562:	0605                	addi	a2,a2,1
1c008564:	004640fb          	lp.setup	x1,a2,1c00856c <memmove+0x30>
1c008568:	fff5c70b          	p.lbu	a4,-1(a1!)
1c00856c:	fee78fab          	p.sb	a4,-1(a5!)
1c008570:	8082                	ret

1c008572 <strchr>:
1c008572:	0ff5f593          	andi	a1,a1,255
1c008576:	00054783          	lbu	a5,0(a0)
1c00857a:	02f58063          	beq	a1,a5,1c00859a <strchr+0x28>
1c00857e:	cb89                	beqz	a5,1c008590 <strchr+0x1e>
1c008580:	00150793          	addi	a5,a0,1
1c008584:	853e                	mv	a0,a5
1c008586:	0017c70b          	p.lbu	a4,1(a5!)
1c00858a:	00b70863          	beq	a4,a1,1c00859a <strchr+0x28>
1c00858e:	fb7d                	bnez	a4,1c008584 <strchr+0x12>
1c008590:	0015b593          	seqz	a1,a1
1c008594:	40b005b3          	neg	a1,a1
1c008598:	8d6d                	and	a0,a0,a1
1c00859a:	8082                	ret

1c00859c <pos_libc_fputc_locked>:
1c00859c:	1141                	addi	sp,sp,-16
1c00859e:	c606                	sw	ra,12(sp)
1c0085a0:	0ff57513          	andi	a0,a0,255
1c0085a4:	3709                	jal	1c0084a6 <pos_libc_putc_stdout>
1c0085a6:	4501                	li	a0,0
1c0085a8:	40b2                	lw	ra,12(sp)
1c0085aa:	0141                	addi	sp,sp,16
1c0085ac:	8082                	ret

1c0085ae <pos_libc_prf_locked>:
1c0085ae:	1141                	addi	sp,sp,-16
1c0085b0:	c606                	sw	ra,12(sp)
1c0085b2:	22b5                	jal	1c00871e <pos_libc_prf>
1c0085b4:	40b2                	lw	ra,12(sp)
1c0085b6:	0141                	addi	sp,sp,16
1c0085b8:	8082                	ret

1c0085ba <exit>:
1c0085ba:	1141                	addi	sp,sp,-16
1c0085bc:	c606                	sw	ra,12(sp)
1c0085be:	c1f54533          	p.bset	a0,a0,0,31
1c0085c2:	1a1047b7          	lui	a5,0x1a104
1c0085c6:	0aa7a023          	sw	a0,160(a5) # 1a1040a0 <__l2_shared_end+0xa104098>
1c0085ca:	3dfd                	jal	1c0084c8 <pos_wait_forever>

1c0085cc <pos_io_start>:
1c0085cc:	4501                	li	a0,0
1c0085ce:	8082                	ret

1c0085d0 <pos_io_stop>:
1c0085d0:	4501                	li	a0,0
1c0085d2:	8082                	ret

1c0085d4 <printf>:
1c0085d4:	7139                	addi	sp,sp,-64
1c0085d6:	ce06                	sw	ra,28(sp)
1c0085d8:	d22e                	sw	a1,36(sp)
1c0085da:	d432                	sw	a2,40(sp)
1c0085dc:	d636                	sw	a3,44(sp)
1c0085de:	d83a                	sw	a4,48(sp)
1c0085e0:	da3e                	sw	a5,52(sp)
1c0085e2:	dc42                	sw	a6,56(sp)
1c0085e4:	de46                	sw	a7,60(sp)
1c0085e6:	1054                	addi	a3,sp,36
1c0085e8:	c636                	sw	a3,12(sp)
1c0085ea:	862a                	mv	a2,a0
1c0085ec:	4589                	li	a1,2
1c0085ee:	1c008537          	lui	a0,0x1c008
1c0085f2:	59c50513          	addi	a0,a0,1436 # 1c00859c <pos_libc_fputc_locked>
1c0085f6:	3f65                	jal	1c0085ae <pos_libc_prf_locked>
1c0085f8:	40f2                	lw	ra,28(sp)
1c0085fa:	6121                	addi	sp,sp,64
1c0085fc:	8082                	ret

1c0085fe <pos_libc_to_x>:
1c0085fe:	872a                	mv	a4,a0
1c008600:	48a5                	li	a7,9
1c008602:	02c5f7b3          	remu	a5,a1,a2
1c008606:	02c5d5b3          	divu	a1,a1,a2
1c00860a:	0ff7f813          	andi	a6,a5,255
1c00860e:	00f8a7b3          	slt	a5,a7,a5
1c008612:	40f007b3          	neg	a5,a5
1c008616:	0277f793          	andi	a5,a5,39
1c00861a:	03080813          	addi	a6,a6,48
1c00861e:	97c2                	add	a5,a5,a6
1c008620:	00f700ab          	p.sb	a5,1(a4!)
1c008624:	fdf9                	bnez	a1,1c008602 <pos_libc_to_x+0x4>
1c008626:	40a705b3          	sub	a1,a4,a0
1c00862a:	00d5dd63          	ble	a3,a1,1c008644 <pos_libc_to_x+0x46>
1c00862e:	03000613          	li	a2,48
1c008632:	40e507b3          	sub	a5,a0,a4
1c008636:	96be                	add	a3,a3,a5
1c008638:	0046c0fb          	lp.setup	x1,a3,1c008640 <pos_libc_to_x+0x42>
1c00863c:	00c700ab          	p.sb	a2,1(a4!)
1c008640:	40a705b3          	sub	a1,a4,a0
1c008644:	fe070fab          	p.sb	zero,-1(a4!)
1c008648:	00e57d63          	bleu	a4,a0,1c008662 <pos_libc_to_x+0x64>
1c00864c:	87aa                	mv	a5,a0
1c00864e:	00074683          	lbu	a3,0(a4)
1c008652:	0007c603          	lbu	a2,0(a5)
1c008656:	fec70fab          	p.sb	a2,-1(a4!)
1c00865a:	00d780ab          	p.sb	a3,1(a5!)
1c00865e:	fee7e8e3          	bltu	a5,a4,1c00864e <pos_libc_to_x+0x50>
1c008662:	852e                	mv	a0,a1
1c008664:	8082                	ret

1c008666 <pos_libc_rlrshift>:
1c008666:	411c                	lw	a5,0(a0)
1c008668:	4154                	lw	a3,4(a0)
1c00866a:	fc17b733          	p.bclr	a4,a5,30,1
1c00866e:	01f69613          	slli	a2,a3,0x1f
1c008672:	8385                	srli	a5,a5,0x1
1c008674:	8fd1                	or	a5,a5,a2
1c008676:	8285                	srli	a3,a3,0x1
1c008678:	97ba                	add	a5,a5,a4
1c00867a:	00e7b733          	sltu	a4,a5,a4
1c00867e:	9736                	add	a4,a4,a3
1c008680:	c11c                	sw	a5,0(a0)
1c008682:	c158                	sw	a4,4(a0)
1c008684:	8082                	ret

1c008686 <pos_libc_ldiv5>:
1c008686:	4118                	lw	a4,0(a0)
1c008688:	4154                	lw	a3,4(a0)
1c00868a:	00270793          	addi	a5,a4,2
1c00868e:	00e7b733          	sltu	a4,a5,a4
1c008692:	9736                	add	a4,a4,a3
1c008694:	4595                	li	a1,5
1c008696:	02b75633          	divu	a2,a4,a1
1c00869a:	00261693          	slli	a3,a2,0x2
1c00869e:	96b2                	add	a3,a3,a2
1c0086a0:	8f15                	sub	a4,a4,a3
1c0086a2:	01d71693          	slli	a3,a4,0x1d
1c0086a6:	0037d713          	srli	a4,a5,0x3
1c0086aa:	8f55                	or	a4,a4,a3
1c0086ac:	02b75733          	divu	a4,a4,a1
1c0086b0:	01d75813          	srli	a6,a4,0x1d
1c0086b4:	00371693          	slli	a3,a4,0x3
1c0086b8:	9642                	add	a2,a2,a6
1c0086ba:	0716                	slli	a4,a4,0x5
1c0086bc:	9736                	add	a4,a4,a3
1c0086be:	8f99                	sub	a5,a5,a4
1c0086c0:	02b7d7b3          	divu	a5,a5,a1
1c0086c4:	00d78733          	add	a4,a5,a3
1c0086c8:	00f737b3          	sltu	a5,a4,a5
1c0086cc:	97b2                	add	a5,a5,a2
1c0086ce:	c118                	sw	a4,0(a0)
1c0086d0:	c15c                	sw	a5,4(a0)
1c0086d2:	8082                	ret

1c0086d4 <pos_libc_get_digit>:
1c0086d4:	419c                	lw	a5,0(a1)
1c0086d6:	03000713          	li	a4,48
1c0086da:	02f05f63          	blez	a5,1c008718 <pos_libc_get_digit+0x44>
1c0086de:	17fd                	addi	a5,a5,-1
1c0086e0:	c19c                	sw	a5,0(a1)
1c0086e2:	4114                	lw	a3,0(a0)
1c0086e4:	414c                	lw	a1,4(a0)
1c0086e6:	01e6d793          	srli	a5,a3,0x1e
1c0086ea:	00259613          	slli	a2,a1,0x2
1c0086ee:	8e5d                	or	a2,a2,a5
1c0086f0:	00269713          	slli	a4,a3,0x2
1c0086f4:	96ba                	add	a3,a3,a4
1c0086f6:	00e6b7b3          	sltu	a5,a3,a4
1c0086fa:	962e                	add	a2,a2,a1
1c0086fc:	97b2                	add	a5,a5,a2
1c0086fe:	01f6d713          	srli	a4,a3,0x1f
1c008702:	0786                	slli	a5,a5,0x1
1c008704:	8fd9                	or	a5,a5,a4
1c008706:	0686                	slli	a3,a3,0x1
1c008708:	01c7d713          	srli	a4,a5,0x1c
1c00870c:	03070713          	addi	a4,a4,48
1c008710:	c114                	sw	a3,0(a0)
1c008712:	c7c7b7b3          	p.bclr	a5,a5,3,28
1c008716:	c15c                	sw	a5,4(a0)
1c008718:	0ff77513          	andi	a0,a4,255
1c00871c:	8082                	ret

1c00871e <pos_libc_prf>:
1c00871e:	710d                	addi	sp,sp,-352
1c008720:	14112e23          	sw	ra,348(sp)
1c008724:	14812c23          	sw	s0,344(sp)
1c008728:	14912a23          	sw	s1,340(sp)
1c00872c:	15212823          	sw	s2,336(sp)
1c008730:	15312623          	sw	s3,332(sp)
1c008734:	15412423          	sw	s4,328(sp)
1c008738:	15512223          	sw	s5,324(sp)
1c00873c:	15612023          	sw	s6,320(sp)
1c008740:	13712e23          	sw	s7,316(sp)
1c008744:	13812c23          	sw	s8,312(sp)
1c008748:	13912a23          	sw	s9,308(sp)
1c00874c:	13a12823          	sw	s10,304(sp)
1c008750:	13b12623          	sw	s11,300(sp)
1c008754:	8a2a                	mv	s4,a0
1c008756:	89ae                	mv	s3,a1
1c008758:	8932                	mv	s2,a2
1c00875a:	c436                	sw	a3,8(sp)
1c00875c:	4481                	li	s1,0
1c00875e:	80000cb7          	lui	s9,0x80000
1c008762:	fffcc613          	not	a2,s9
1c008766:	c832                	sw	a2,16(sp)
1c008768:	333337b7          	lui	a5,0x33333
1c00876c:	33278793          	addi	a5,a5,818 # 33333332 <__cluster_text_end+0x17323332>
1c008770:	cc3e                	sw	a5,24(sp)
1c008772:	00190413          	addi	s0,s2,1
1c008776:	00094503          	lbu	a0,0(s2)
1c00877a:	160503e3          	beqz	a0,1c0090e0 <pos_libc_prf+0x9c2>
1c00877e:	02500793          	li	a5,37
1c008782:	06f50363          	beq	a0,a5,1c0087e8 <pos_libc_prf+0xca>
1c008786:	85ce                	mv	a1,s3
1c008788:	9a02                	jalr	s4
1c00878a:	15f52ae3          	p.beqimm	a0,-1,1c0090de <pos_libc_prf+0x9c0>
1c00878e:	0485                	addi	s1,s1,1
1c008790:	8922                	mv	s2,s0
1c008792:	b7c5                	j	1c008772 <pos_libc_prf+0x54>
1c008794:	140906e3          	beqz	s2,1c0090e0 <pos_libc_prf+0x9c2>
1c008798:	02000693          	li	a3,32
1c00879c:	00d91763          	bne	s2,a3,1c0087aa <pos_libc_prf+0x8c>
1c0087a0:	4685                	li	a3,1
1c0087a2:	ce36                	sw	a3,28(sp)
1c0087a4:	a019                	j	1c0087aa <pos_libc_prf+0x8c>
1c0087a6:	4785                	li	a5,1
1c0087a8:	d23e                	sw	a5,36(sp)
1c0087aa:	8456                	mv	s0,s5
1c0087ac:	00140a93          	addi	s5,s0,1
1c0087b0:	00044903          	lbu	s2,0(s0)
1c0087b4:	8b4a                	mv	s6,s2
1c0087b6:	85ca                	mv	a1,s2
1c0087b8:	060c0513          	addi	a0,s8,96
1c0087bc:	3b5d                	jal	1c008572 <strchr>
1c0087be:	c529                	beqz	a0,1c008808 <pos_libc_prf+0xea>
1c0087c0:	01790f63          	beq	s2,s7,1c0087de <pos_libc_prf+0xc0>
1c0087c4:	fd2bf8e3          	bleu	s2,s7,1c008794 <pos_libc_prf+0x76>
1c0087c8:	fda90fe3          	beq	s2,s10,1c0087a6 <pos_libc_prf+0x88>
1c0087cc:	01b90c63          	beq	s2,s11,1c0087e4 <pos_libc_prf+0xc6>
1c0087d0:	02b00713          	li	a4,43
1c0087d4:	fce91be3          	bne	s2,a4,1c0087aa <pos_libc_prf+0x8c>
1c0087d8:	4605                	li	a2,1
1c0087da:	d032                	sw	a2,32(sp)
1c0087dc:	b7f9                	j	1c0087aa <pos_libc_prf+0x8c>
1c0087de:	4705                	li	a4,1
1c0087e0:	c63a                	sw	a4,12(sp)
1c0087e2:	b7e1                	j	1c0087aa <pos_libc_prf+0x8c>
1c0087e4:	ca4a                	sw	s2,20(sp)
1c0087e6:	b7d1                	j	1c0087aa <pos_libc_prf+0x8c>
1c0087e8:	02000793          	li	a5,32
1c0087ec:	ca3e                	sw	a5,20(sp)
1c0087ee:	ce02                	sw	zero,28(sp)
1c0087f0:	d002                	sw	zero,32(sp)
1c0087f2:	d202                	sw	zero,36(sp)
1c0087f4:	c602                	sw	zero,12(sp)
1c0087f6:	1c000c37          	lui	s8,0x1c000
1c0087fa:	02300b93          	li	s7,35
1c0087fe:	02d00d13          	li	s10,45
1c008802:	03000d93          	li	s11,48
1c008806:	b75d                	j	1c0087ac <pos_libc_prf+0x8e>
1c008808:	02a00793          	li	a5,42
1c00880c:	00f90a63          	beq	s2,a5,1c008820 <pos_libc_prf+0x102>
1c008810:	fd090913          	addi	s2,s2,-48
1c008814:	47a5                	li	a5,9
1c008816:	4b81                	li	s7,0
1c008818:	46a5                	li	a3,9
1c00881a:	0327e363          	bltu	a5,s2,1c008840 <pos_libc_prf+0x122>
1c00881e:	a0e1                	j	1c0088e6 <pos_libc_prf+0x1c8>
1c008820:	4622                	lw	a2,8(sp)
1c008822:	00460793          	addi	a5,a2,4
1c008826:	00062b83          	lw	s7,0(a2)
1c00882a:	0a0bc863          	bltz	s7,1c0088da <pos_libc_prf+0x1bc>
1c00882e:	000acb03          	lbu	s6,0(s5)
1c008832:	c43e                	sw	a5,8(sp)
1c008834:	00240a93          	addi	s5,s0,2
1c008838:	0c800793          	li	a5,200
1c00883c:	04fbdbb3          	p.minu	s7,s7,a5
1c008840:	02e00793          	li	a5,46
1c008844:	547d                	li	s0,-1
1c008846:	0cfb0263          	beq	s6,a5,1c00890a <pos_libc_prf+0x1ec>
1c00884a:	85da                	mv	a1,s6
1c00884c:	1c000537          	lui	a0,0x1c000
1c008850:	06850513          	addi	a0,a0,104 # 1c000068 <__DTOR_END__+0x4c>
1c008854:	3b39                	jal	1c008572 <strchr>
1c008856:	8956                	mv	s2,s5
1c008858:	c509                	beqz	a0,1c008862 <pos_libc_prf+0x144>
1c00885a:	001a8913          	addi	s2,s5,1
1c00885e:	000acb03          	lbu	s6,0(s5)
1c008862:	06700793          	li	a5,103
1c008866:	1167d463          	ble	s6,a5,1c00896e <pos_libc_prf+0x250>
1c00886a:	07000793          	li	a5,112
1c00886e:	74fb0263          	beq	s6,a5,1c008fb2 <pos_libc_prf+0x894>
1c008872:	1f67c563          	blt	a5,s6,1c008a5c <pos_libc_prf+0x33e>
1c008876:	06e00793          	li	a5,110
1c00887a:	6efb0f63          	beq	s6,a5,1c008f78 <pos_libc_prf+0x85a>
1c00887e:	1967d063          	ble	s6,a5,1c0089fe <pos_libc_prf+0x2e0>
1c008882:	4722                	lw	a4,8(sp)
1c008884:	00470b13          	addi	s6,a4,4
1c008888:	430c                	lw	a1,0(a4)
1c00888a:	47b2                	lw	a5,12(sp)
1c00888c:	70078163          	beqz	a5,1c008f8e <pos_libc_prf+0x870>
1c008890:	03000793          	li	a5,48
1c008894:	04f10a23          	sb	a5,84(sp)
1c008898:	05510513          	addi	a0,sp,85
1c00889c:	6e059a63          	bnez	a1,1c008f90 <pos_libc_prf+0x872>
1c0088a0:	04010aa3          	sb	zero,85(sp)
1c0088a4:	6ff42163          	p.beqimm	s0,-1,1c008f86 <pos_libc_prf+0x868>
1c0088a8:	c45a                	sw	s6,8(sp)
1c0088aa:	4ab2                	lw	s5,12(sp)
1c0088ac:	c602                	sw	zero,12(sp)
1c0088ae:	02000713          	li	a4,32
1c0088b2:	ca3a                	sw	a4,20(sp)
1c0088b4:	7d7ad063          	ble	s7,s5,1c009074 <pos_libc_prf+0x956>
1c0088b8:	5792                	lw	a5,36(sp)
1c0088ba:	7e078263          	beqz	a5,1c00909e <pos_libc_prf+0x980>
1c0088be:	08d0                	addi	a2,sp,84
1c0088c0:	015607b3          	add	a5,a2,s5
1c0088c4:	02000713          	li	a4,32
1c0088c8:	415b8ab3          	sub	s5,s7,s5
1c0088cc:	004ac0fb          	lp.setup	x1,s5,1c0088d4 <pos_libc_prf+0x1b6>
1c0088d0:	00e780ab          	p.sb	a4,1(a5!)
1c0088d4:	0001                	nop
1c0088d6:	7a00006f          	j	1c009076 <pos_libc_prf+0x958>
1c0088da:	41700bb3          	neg	s7,s7
1c0088de:	4685                	li	a3,1
1c0088e0:	d236                	sw	a3,36(sp)
1c0088e2:	b7b1                	j	1c00882e <pos_libc_prf+0x110>
1c0088e4:	843a                	mv	s0,a4
1c0088e6:	00140713          	addi	a4,s0,1
1c0088ea:	002b9793          	slli	a5,s7,0x2
1c0088ee:	9bbe                	add	s7,s7,a5
1c0088f0:	0b86                	slli	s7,s7,0x1
1c0088f2:	9b5e                	add	s6,s6,s7
1c0088f4:	fd0b0b93          	addi	s7,s6,-48
1c0088f8:	00074b03          	lbu	s6,0(a4)
1c0088fc:	fd0b0793          	addi	a5,s6,-48
1c008900:	fef6f2e3          	bleu	a5,a3,1c0088e4 <pos_libc_prf+0x1c6>
1c008904:	00240a93          	addi	s5,s0,2
1c008908:	bf05                	j	1c008838 <pos_libc_prf+0x11a>
1c00890a:	000ac783          	lbu	a5,0(s5)
1c00890e:	02a00713          	li	a4,42
1c008912:	02e79263          	bne	a5,a4,1c008936 <pos_libc_prf+0x218>
1c008916:	001a8613          	addi	a2,s5,1
1c00891a:	4722                	lw	a4,8(sp)
1c00891c:	4300                	lw	s0,0(a4)
1c00891e:	0711                	addi	a4,a4,4
1c008920:	c43a                	sw	a4,8(sp)
1c008922:	0c800793          	li	a5,200
1c008926:	0087d363          	ble	s0,a5,1c00892c <pos_libc_prf+0x20e>
1c00892a:	547d                	li	s0,-1
1c00892c:	00160a93          	addi	s5,a2,1
1c008930:	00064b03          	lbu	s6,0(a2)
1c008934:	bf19                	j	1c00884a <pos_libc_prf+0x12c>
1c008936:	86be                	mv	a3,a5
1c008938:	fd078793          	addi	a5,a5,-48
1c00893c:	4625                	li	a2,9
1c00893e:	001a8713          	addi	a4,s5,1
1c008942:	4401                	li	s0,0
1c008944:	45a5                	li	a1,9
1c008946:	02f66263          	bltu	a2,a5,1c00896a <pos_libc_prf+0x24c>
1c00894a:	863a                	mv	a2,a4
1c00894c:	00241793          	slli	a5,s0,0x2
1c008950:	943e                	add	s0,s0,a5
1c008952:	0406                	slli	s0,s0,0x1
1c008954:	9436                	add	s0,s0,a3
1c008956:	fd040413          	addi	s0,s0,-48
1c00895a:	0017478b          	p.lbu	a5,1(a4!)
1c00895e:	86be                	mv	a3,a5
1c008960:	fd078793          	addi	a5,a5,-48
1c008964:	fef5f3e3          	bleu	a5,a1,1c00894a <pos_libc_prf+0x22c>
1c008968:	bf6d                	j	1c008922 <pos_libc_prf+0x204>
1c00896a:	8656                	mv	a2,s5
1c00896c:	b7c1                	j	1c00892c <pos_libc_prf+0x20e>
1c00896e:	06500793          	li	a5,101
1c008972:	1afb5b63          	ble	a5,s6,1c008b28 <pos_libc_prf+0x40a>
1c008976:	04700793          	li	a5,71
1c00897a:	0367c463          	blt	a5,s6,1c0089a2 <pos_libc_prf+0x284>
1c00897e:	04500793          	li	a5,69
1c008982:	1afb5363          	ble	a5,s6,1c008b28 <pos_libc_prf+0x40a>
1c008986:	740b0d63          	beqz	s6,1c0090e0 <pos_libc_prf+0x9c2>
1c00898a:	02500793          	li	a5,37
1c00898e:	6cfb1863          	bne	s6,a5,1c00905e <pos_libc_prf+0x940>
1c008992:	85ce                	mv	a1,s3
1c008994:	02500513          	li	a0,37
1c008998:	9a02                	jalr	s4
1c00899a:	79f52063          	p.beqimm	a0,-1,1c00911a <pos_libc_prf+0x9fc>
1c00899e:	0485                	addi	s1,s1,1
1c0089a0:	bbc9                	j	1c008772 <pos_libc_prf+0x54>
1c0089a2:	06300793          	li	a5,99
1c0089a6:	10fb0163          	beq	s6,a5,1c008aa8 <pos_libc_prf+0x38a>
1c0089aa:	0567ce63          	blt	a5,s6,1c008a06 <pos_libc_prf+0x2e8>
1c0089ae:	05800793          	li	a5,88
1c0089b2:	6afb1663          	bne	s6,a5,1c00905e <pos_libc_prf+0x940>
1c0089b6:	46a2                	lw	a3,8(sp)
1c0089b8:	00468c13          	addi	s8,a3,4 # 1a10f004 <__l2_shared_end+0xa10effc>
1c0089bc:	428c                	lw	a1,0(a3)
1c0089be:	4732                	lw	a4,12(sp)
1c0089c0:	78070463          	beqz	a4,1c009148 <pos_libc_prf+0xa2a>
1c0089c4:	03000793          	li	a5,48
1c0089c8:	04f10a23          	sb	a5,84(sp)
1c0089cc:	07800793          	li	a5,120
1c0089d0:	04f10aa3          	sb	a5,85(sp)
1c0089d4:	86a2                	mv	a3,s0
1c0089d6:	4641                	li	a2,16
1c0089d8:	05610513          	addi	a0,sp,86
1c0089dc:	310d                	jal	1c0085fe <pos_libc_to_x>
1c0089de:	8aaa                	mv	s5,a0
1c0089e0:	05800793          	li	a5,88
1c0089e4:	7afb0963          	beq	s6,a5,1c009196 <pos_libc_prf+0xa78>
1c0089e8:	00250a93          	addi	s5,a0,2
1c0089ec:	4689                	li	a3,2
1c0089ee:	c636                	sw	a3,12(sp)
1c0089f0:	c462                	sw	s8,8(sp)
1c0089f2:	05f42f63          	p.beqimm	s0,-1,1c008a50 <pos_libc_prf+0x332>
1c0089f6:	02000693          	li	a3,32
1c0089fa:	ca36                	sw	a3,20(sp)
1c0089fc:	a891                	j	1c008a50 <pos_libc_prf+0x332>
1c0089fe:	06900793          	li	a5,105
1c008a02:	64fb1e63          	bne	s6,a5,1c00905e <pos_libc_prf+0x940>
1c008a06:	4622                	lw	a2,8(sp)
1c008a08:	00460b13          	addi	s6,a2,4
1c008a0c:	420c                	lw	a1,0(a2)
1c008a0e:	0a05cb63          	bltz	a1,1c008ac4 <pos_libc_prf+0x3a6>
1c008a12:	5682                	lw	a3,32(sp)
1c008a14:	c6e5                	beqz	a3,1c008afc <pos_libc_prf+0x3de>
1c008a16:	02b00793          	li	a5,43
1c008a1a:	04f10a23          	sb	a5,84(sp)
1c008a1e:	86a2                	mv	a3,s0
1c008a20:	4629                	li	a2,10
1c008a22:	05510513          	addi	a0,sp,85
1c008a26:	3ee1                	jal	1c0085fe <pos_libc_to_x>
1c008a28:	05510713          	addi	a4,sp,85
1c008a2c:	953a                	add	a0,a0,a4
1c008a2e:	05410a93          	addi	s5,sp,84
1c008a32:	41550ab3          	sub	s5,a0,s5
1c008a36:	5782                	lw	a5,32(sp)
1c008a38:	4672                	lw	a2,28(sp)
1c008a3a:	8fd1                	or	a5,a5,a2
1c008a3c:	c63e                	sw	a5,12(sp)
1c008a3e:	c399                	beqz	a5,1c008a44 <pos_libc_prf+0x326>
1c008a40:	4605                	li	a2,1
1c008a42:	c632                	sw	a2,12(sp)
1c008a44:	c45a                	sw	s6,8(sp)
1c008a46:	01f42563          	p.beqimm	s0,-1,1c008a50 <pos_libc_prf+0x332>
1c008a4a:	02000693          	li	a3,32
1c008a4e:	ca36                	sw	a3,20(sp)
1c008a50:	0c800793          	li	a5,200
1c008a54:	e757d0e3          	ble	s5,a5,1c0088b4 <pos_libc_prf+0x196>
1c008a58:	54fd                	li	s1,-1
1c008a5a:	a559                	j	1c0090e0 <pos_libc_prf+0x9c2>
1c008a5c:	07500793          	li	a5,117
1c008a60:	5afb0263          	beq	s6,a5,1c009004 <pos_libc_prf+0x8e6>
1c008a64:	07800793          	li	a5,120
1c008a68:	f4fb07e3          	beq	s6,a5,1c0089b6 <pos_libc_prf+0x298>
1c008a6c:	07300793          	li	a5,115
1c008a70:	5efb1763          	bne	s6,a5,1c00905e <pos_libc_prf+0x940>
1c008a74:	4722                	lw	a4,8(sp)
1c008a76:	00470b13          	addi	s6,a4,4
1c008a7a:	430c                	lw	a1,0(a4)
1c008a7c:	0005c783          	lbu	a5,0(a1)
1c008a80:	70078563          	beqz	a5,1c00918a <pos_libc_prf+0xa6c>
1c008a84:	00158713          	addi	a4,a1,1
1c008a88:	4a85                	li	s5,1
1c008a8a:	0c7350fb          	lp.setupi	x1,199,1c008a96 <pos_libc_prf+0x378>
1c008a8e:	0017468b          	p.lbu	a3,1(a4!)
1c008a92:	54068c63          	beqz	a3,1c008fea <pos_libc_prf+0x8cc>
1c008a96:	0a85                	addi	s5,s5,1
1c008a98:	54045b63          	bgez	s0,1c008fee <pos_libc_prf+0x8d0>
1c008a9c:	8656                	mv	a2,s5
1c008a9e:	08c8                	addi	a0,sp,84
1c008aa0:	3ca1                	jal	1c0084f8 <memcpy>
1c008aa2:	c45a                	sw	s6,8(sp)
1c008aa4:	c602                	sw	zero,12(sp)
1c008aa6:	b76d                	j	1c008a50 <pos_libc_prf+0x332>
1c008aa8:	47a2                	lw	a5,8(sp)
1c008aaa:	00478713          	addi	a4,a5,4
1c008aae:	439c                	lw	a5,0(a5)
1c008ab0:	04f10a23          	sb	a5,84(sp)
1c008ab4:	04010aa3          	sb	zero,85(sp)
1c008ab8:	4785                	li	a5,1
1c008aba:	5b77c863          	blt	a5,s7,1c00906a <pos_libc_prf+0x94c>
1c008abe:	c43a                	sw	a4,8(sp)
1c008ac0:	4b85                	li	s7,1
1c008ac2:	ab65                	j	1c00907a <pos_libc_prf+0x95c>
1c008ac4:	02d00793          	li	a5,45
1c008ac8:	04f10a23          	sb	a5,84(sp)
1c008acc:	01958463          	beq	a1,s9,1c008ad4 <pos_libc_prf+0x3b6>
1c008ad0:	40b005b3          	neg	a1,a1
1c008ad4:	86a2                	mv	a3,s0
1c008ad6:	4629                	li	a2,10
1c008ad8:	05510513          	addi	a0,sp,85
1c008adc:	360d                	jal	1c0085fe <pos_libc_to_x>
1c008ade:	05510713          	addi	a4,sp,85
1c008ae2:	953a                	add	a0,a0,a4
1c008ae4:	05410a93          	addi	s5,sp,84
1c008ae8:	41550ab3          	sub	s5,a0,s5
1c008aec:	5602                	lw	a2,32(sp)
1c008aee:	46f2                	lw	a3,28(sp)
1c008af0:	00d667b3          	or	a5,a2,a3
1c008af4:	f7b1                	bnez	a5,1c008a40 <pos_libc_prf+0x322>
1c008af6:	4705                	li	a4,1
1c008af8:	c63a                	sw	a4,12(sp)
1c008afa:	b7a9                	j	1c008a44 <pos_libc_prf+0x326>
1c008afc:	46f2                	lw	a3,28(sp)
1c008afe:	62068463          	beqz	a3,1c009126 <pos_libc_prf+0xa08>
1c008b02:	02000793          	li	a5,32
1c008b06:	04f10a23          	sb	a5,84(sp)
1c008b0a:	86a2                	mv	a3,s0
1c008b0c:	4629                	li	a2,10
1c008b0e:	05510513          	addi	a0,sp,85
1c008b12:	34f5                	jal	1c0085fe <pos_libc_to_x>
1c008b14:	05510713          	addi	a4,sp,85
1c008b18:	953a                	add	a0,a0,a4
1c008b1a:	05410a93          	addi	s5,sp,84
1c008b1e:	41550ab3          	sub	s5,a0,s5
1c008b22:	47f2                	lw	a5,28(sp)
1c008b24:	c63e                	sw	a5,12(sp)
1c008b26:	bf39                	j	1c008a44 <pos_libc_prf+0x326>
1c008b28:	4722                	lw	a4,8(sp)
1c008b2a:	00770793          	addi	a5,a4,7
1c008b2e:	c407b7b3          	p.bclr	a5,a5,2,0
1c008b32:	00878613          	addi	a2,a5,8
1c008b36:	c432                	sw	a2,8(sp)
1c008b38:	4394                	lw	a3,0(a5)
1c008b3a:	43dc                	lw	a5,4(a5)
1c008b3c:	0147da93          	srli	s5,a5,0x14
1c008b40:	e8babab3          	p.bclr	s5,s5,20,11
1c008b44:	0156d613          	srli	a2,a3,0x15
1c008b48:	00b79713          	slli	a4,a5,0xb
1c008b4c:	8f51                	or	a4,a4,a2
1c008b4e:	06ae                	slli	a3,a3,0xb
1c008b50:	4642                	lw	a2,16(sp)
1c008b52:	8f71                	and	a4,a4,a2
1c008b54:	c0b6                	sw	a3,64(sp)
1c008b56:	c2ba                	sw	a4,68(sp)
1c008b58:	863e                	mv	a2,a5
1c008b5a:	7ff00793          	li	a5,2047
1c008b5e:	04fa8763          	beq	s5,a5,1c008bac <pos_libc_prf+0x48e>
1c008b62:	04600793          	li	a5,70
1c008b66:	0efb0663          	beq	s6,a5,1c008c52 <pos_libc_prf+0x534>
1c008b6a:	41fad593          	srai	a1,s5,0x1f
1c008b6e:	00dae7b3          	or	a5,s5,a3
1c008b72:	8dd9                	or	a1,a1,a4
1c008b74:	8fcd                	or	a5,a5,a1
1c008b76:	cb89                	beqz	a5,1c008b88 <pos_libc_prf+0x46a>
1c008b78:	c02a8a93          	addi	s5,s5,-1022
1c008b7c:	c0b6                	sw	a3,64(sp)
1c008b7e:	00ece733          	or	a4,s9,a4
1c008b82:	c2ba                	sw	a4,68(sp)
1c008b84:	0c064a63          	bltz	a2,1c008c58 <pos_libc_prf+0x53a>
1c008b88:	5702                	lw	a4,32(sp)
1c008b8a:	cf79                	beqz	a4,1c008c68 <pos_libc_prf+0x54a>
1c008b8c:	02b00793          	li	a5,43
1c008b90:	04f10a23          	sb	a5,84(sp)
1c008b94:	05510793          	addi	a5,sp,85
1c008b98:	d43e                	sw	a5,40(sp)
1c008b9a:	57f9                	li	a5,-2
1c008b9c:	4d01                	li	s10,0
1c008b9e:	4c01                	li	s8,0
1c008ba0:	14fac163          	blt	s5,a5,1c008ce2 <pos_libc_prf+0x5c4>
1c008ba4:	19505963          	blez	s5,1c008d36 <pos_libc_prf+0x618>
1c008ba8:	4c01                	li	s8,0
1c008baa:	a285                	j	1c008d0a <pos_libc_prf+0x5ec>
1c008bac:	08dc                	addi	a5,sp,84
1c008bae:	02064d63          	bltz	a2,1c008be8 <pos_libc_prf+0x4ca>
1c008bb2:	8f55                	or	a4,a4,a3
1c008bb4:	e325                	bnez	a4,1c008c14 <pos_libc_prf+0x4f6>
1c008bb6:	fbfb0b13          	addi	s6,s6,-65
1c008bba:	4765                	li	a4,25
1c008bbc:	03676d63          	bltu	a4,s6,1c008bf6 <pos_libc_prf+0x4d8>
1c008bc0:	04900713          	li	a4,73
1c008bc4:	00e78023          	sb	a4,0(a5)
1c008bc8:	04e00713          	li	a4,78
1c008bcc:	00e780a3          	sb	a4,1(a5)
1c008bd0:	00378a93          	addi	s5,a5,3
1c008bd4:	04600713          	li	a4,70
1c008bd8:	00e78123          	sb	a4,2(a5)
1c008bdc:	000a8023          	sb	zero,0(s5)
1c008be0:	08dc                	addi	a5,sp,84
1c008be2:	40fa8ab3          	sub	s5,s5,a5
1c008be6:	a685                	j	1c008f46 <pos_libc_prf+0x828>
1c008be8:	02d00793          	li	a5,45
1c008bec:	04f10a23          	sb	a5,84(sp)
1c008bf0:	05510793          	addi	a5,sp,85
1c008bf4:	bf7d                	j	1c008bb2 <pos_libc_prf+0x494>
1c008bf6:	06900713          	li	a4,105
1c008bfa:	00e78023          	sb	a4,0(a5)
1c008bfe:	06e00713          	li	a4,110
1c008c02:	00e780a3          	sb	a4,1(a5)
1c008c06:	00378a93          	addi	s5,a5,3
1c008c0a:	06600713          	li	a4,102
1c008c0e:	00e78123          	sb	a4,2(a5)
1c008c12:	b7e9                	j	1c008bdc <pos_libc_prf+0x4be>
1c008c14:	fbfb0b13          	addi	s6,s6,-65
1c008c18:	4765                	li	a4,25
1c008c1a:	01676f63          	bltu	a4,s6,1c008c38 <pos_libc_prf+0x51a>
1c008c1e:	04e00713          	li	a4,78
1c008c22:	00e78023          	sb	a4,0(a5)
1c008c26:	04100693          	li	a3,65
1c008c2a:	00d780a3          	sb	a3,1(a5)
1c008c2e:	00378a93          	addi	s5,a5,3
1c008c32:	00e78123          	sb	a4,2(a5)
1c008c36:	b75d                	j	1c008bdc <pos_libc_prf+0x4be>
1c008c38:	06e00713          	li	a4,110
1c008c3c:	00e78023          	sb	a4,0(a5)
1c008c40:	06100693          	li	a3,97
1c008c44:	00d780a3          	sb	a3,1(a5)
1c008c48:	00378a93          	addi	s5,a5,3
1c008c4c:	00e78123          	sb	a4,2(a5)
1c008c50:	b771                	j	1c008bdc <pos_libc_prf+0x4be>
1c008c52:	06600b13          	li	s6,102
1c008c56:	bf11                	j	1c008b6a <pos_libc_prf+0x44c>
1c008c58:	02d00793          	li	a5,45
1c008c5c:	04f10a23          	sb	a5,84(sp)
1c008c60:	05510693          	addi	a3,sp,85
1c008c64:	d436                	sw	a3,40(sp)
1c008c66:	bf15                	j	1c008b9a <pos_libc_prf+0x47c>
1c008c68:	08d0                	addi	a2,sp,84
1c008c6a:	d432                	sw	a2,40(sp)
1c008c6c:	46f2                	lw	a3,28(sp)
1c008c6e:	d695                	beqz	a3,1c008b9a <pos_libc_prf+0x47c>
1c008c70:	02000793          	li	a5,32
1c008c74:	04f10a23          	sb	a5,84(sp)
1c008c78:	05510713          	addi	a4,sp,85
1c008c7c:	d43a                	sw	a4,40(sp)
1c008c7e:	bf31                	j	1c008b9a <pos_libc_prf+0x47c>
1c008c80:	0088                	addi	a0,sp,64
1c008c82:	32d5                	jal	1c008666 <pos_libc_rlrshift>
1c008c84:	0a85                	addi	s5,s5,1
1c008c86:	4706                	lw	a4,64(sp)
1c008c88:	4796                	lw	a5,68(sp)
1c008c8a:	000c1563          	bnez	s8,1c008c94 <pos_libc_prf+0x576>
1c008c8e:	4662                	lw	a2,24(sp)
1c008c90:	fef668e3          	bltu	a2,a5,1c008c80 <pos_libc_prf+0x562>
1c008c94:	01e75693          	srli	a3,a4,0x1e
1c008c98:	00279593          	slli	a1,a5,0x2
1c008c9c:	8dd5                	or	a1,a1,a3
1c008c9e:	00271613          	slli	a2,a4,0x2
1c008ca2:	00e606b3          	add	a3,a2,a4
1c008ca6:	00c6b633          	sltu	a2,a3,a2
1c008caa:	97ae                	add	a5,a5,a1
1c008cac:	97b2                	add	a5,a5,a2
1c008cae:	8736                	mv	a4,a3
1c008cb0:	863e                	mv	a2,a5
1c008cb2:	c0b6                	sw	a3,64(sp)
1c008cb4:	c2be                	sw	a5,68(sp)
1c008cb6:	0a85                	addi	s5,s5,1
1c008cb8:	1d7d                	addi	s10,s10,-1
1c008cba:	020c0c63          	beqz	s8,1c008cf2 <pos_libc_prf+0x5d4>
1c008cbe:	01f75693          	srli	a3,a4,0x1f
1c008cc2:	00161793          	slli	a5,a2,0x1
1c008cc6:	8fd5                	or	a5,a5,a3
1c008cc8:	0706                	slli	a4,a4,0x1
1c008cca:	863e                	mv	a2,a5
1c008ccc:	1afd                	addi	s5,s5,-1
1c008cce:	fe0c18e3          	bnez	s8,1c008cbe <pos_libc_prf+0x5a0>
1c008cd2:	46c2                	lw	a3,16(sp)
1c008cd4:	fef6f5e3          	bleu	a5,a3,1c008cbe <pos_libc_prf+0x5a0>
1c008cd8:	c0ba                	sw	a4,64(sp)
1c008cda:	c2be                	sw	a5,68(sp)
1c008cdc:	57f9                	li	a5,-2
1c008cde:	ecfad3e3          	ble	a5,s5,1c008ba4 <pos_libc_prf+0x486>
1c008ce2:	4706                	lw	a4,64(sp)
1c008ce4:	4796                	lw	a5,68(sp)
1c008ce6:	fa0c17e3          	bnez	s8,1c008c94 <pos_libc_prf+0x576>
1c008cea:	4662                	lw	a2,24(sp)
1c008cec:	f8f66ae3          	bltu	a2,a5,1c008c80 <pos_libc_prf+0x562>
1c008cf0:	b755                	j	1c008c94 <pos_libc_prf+0x576>
1c008cf2:	46c2                	lw	a3,16(sp)
1c008cf4:	fcf6f5e3          	bleu	a5,a3,1c008cbe <pos_libc_prf+0x5a0>
1c008cf8:	b7d5                	j	1c008cdc <pos_libc_prf+0x5be>
1c008cfa:	4642                	lw	a2,16(sp)
1c008cfc:	00d67f63          	bleu	a3,a2,1c008d1a <pos_libc_prf+0x5fc>
1c008d00:	a019                	j	1c008d06 <pos_libc_prf+0x5e8>
1c008d02:	c0ba                	sw	a4,64(sp)
1c008d04:	c2be                	sw	a5,68(sp)
1c008d06:	03505863          	blez	s5,1c008d36 <pos_libc_prf+0x618>
1c008d0a:	0088                	addi	a0,sp,64
1c008d0c:	3aad                	jal	1c008686 <pos_libc_ldiv5>
1c008d0e:	1afd                	addi	s5,s5,-1
1c008d10:	0d05                	addi	s10,s10,1
1c008d12:	4706                	lw	a4,64(sp)
1c008d14:	4696                	lw	a3,68(sp)
1c008d16:	fe0c02e3          	beqz	s8,1c008cfa <pos_libc_prf+0x5dc>
1c008d1a:	01f75613          	srli	a2,a4,0x1f
1c008d1e:	00169793          	slli	a5,a3,0x1
1c008d22:	8fd1                	or	a5,a5,a2
1c008d24:	0706                	slli	a4,a4,0x1
1c008d26:	86be                	mv	a3,a5
1c008d28:	1afd                	addi	s5,s5,-1
1c008d2a:	fe0c18e3          	bnez	s8,1c008d1a <pos_libc_prf+0x5fc>
1c008d2e:	4642                	lw	a2,16(sp)
1c008d30:	fef675e3          	bleu	a5,a2,1c008d1a <pos_libc_prf+0x5fc>
1c008d34:	b7f9                	j	1c008d02 <pos_libc_prf+0x5e4>
1c008d36:	478d                	li	a5,3
1c008d38:	0157c763          	blt	a5,s5,1c008d46 <pos_libc_prf+0x628>
1c008d3c:	0088                	addi	a0,sp,64
1c008d3e:	3225                	jal	1c008666 <pos_libc_rlrshift>
1c008d40:	0a85                	addi	s5,s5,1
1c008d42:	fe4abde3          	p.bneimm	s5,4,1c008d3c <pos_libc_prf+0x61e>
1c008d46:	08044963          	bltz	s0,1c008dd8 <pos_libc_prf+0x6ba>
1c008d4a:	c05b37b3          	p.bclr	a5,s6,0,5
1c008d4e:	04700713          	li	a4,71
1c008d52:	08e78563          	beq	a5,a4,1c008ddc <pos_libc_prf+0x6be>
1c008d56:	06600793          	li	a5,102
1c008d5a:	d602                	sw	zero,44(sp)
1c008d5c:	0afb0463          	beq	s6,a5,1c008e04 <pos_libc_prf+0x6e6>
1c008d60:	00140793          	addi	a5,s0,1
1c008d64:	4741                	li	a4,16
1c008d66:	de3a                	sw	a4,60(sp)
1c008d68:	04e7c733          	p.min	a4,a5,a4
1c008d6c:	4601                	li	a2,0
1c008d6e:	080006b7          	lui	a3,0x8000
1c008d72:	c4b2                	sw	a2,72(sp)
1c008d74:	c6b6                	sw	a3,76(sp)
1c008d76:	fff70a93          	addi	s5,a4,-1
1c008d7a:	cb81                	beqz	a5,1c008d8a <pos_libc_prf+0x66c>
1c008d7c:	00a8                	addi	a0,sp,72
1c008d7e:	3221                	jal	1c008686 <pos_libc_ldiv5>
1c008d80:	00a8                	addi	a0,sp,72
1c008d82:	30d5                	jal	1c008666 <pos_libc_rlrshift>
1c008d84:	1afd                	addi	s5,s5,-1
1c008d86:	fffabbe3          	p.bneimm	s5,-1,1c008d7c <pos_libc_prf+0x65e>
1c008d8a:	4786                	lw	a5,64(sp)
1c008d8c:	4726                	lw	a4,72(sp)
1c008d8e:	973e                	add	a4,a4,a5
1c008d90:	00f737b3          	sltu	a5,a4,a5
1c008d94:	4696                	lw	a3,68(sp)
1c008d96:	4636                	lw	a2,76(sp)
1c008d98:	96b2                	add	a3,a3,a2
1c008d9a:	97b6                	add	a5,a5,a3
1c008d9c:	c0ba                	sw	a4,64(sp)
1c008d9e:	c2be                	sw	a5,68(sp)
1c008da0:	f607b7b3          	p.bclr	a5,a5,27,0
1c008da4:	e7f9                	bnez	a5,1c008e72 <pos_libc_prf+0x754>
1c008da6:	06600793          	li	a5,102
1c008daa:	08fb0163          	beq	s6,a5,1c008e2c <pos_libc_prf+0x70e>
1c008dae:	186c                	addi	a1,sp,60
1c008db0:	0088                	addi	a0,sp,64
1c008db2:	320d                	jal	1c0086d4 <pos_libc_get_digit>
1c008db4:	56a2                	lw	a3,40(sp)
1c008db6:	00a68023          	sb	a0,0(a3) # 8000000 <__l1_heap_size+0x7ff0008>
1c008dba:	fd050793          	addi	a5,a0,-48
1c008dbe:	00f037b3          	snez	a5,a5
1c008dc2:	40fd0d33          	sub	s10,s10,a5
1c008dc6:	4732                	lw	a4,12(sp)
1c008dc8:	0e071763          	bnez	a4,1c008eb6 <pos_libc_prf+0x798>
1c008dcc:	3a804663          	bgtz	s0,1c009178 <pos_libc_prf+0xa5a>
1c008dd0:	56a2                	lw	a3,40(sp)
1c008dd2:	00168a93          	addi	s5,a3,1
1c008dd6:	a229                	j	1c008ee0 <pos_libc_prf+0x7c2>
1c008dd8:	4419                	li	s0,6
1c008dda:	bf85                	j	1c008d4a <pos_libc_prf+0x62c>
1c008ddc:	d602                	sw	zero,44(sp)
1c008dde:	46b2                	lw	a3,12(sp)
1c008de0:	e681                	bnez	a3,1c008de8 <pos_libc_prf+0x6ca>
1c008de2:	00802733          	sgtz	a4,s0
1c008de6:	d63a                	sw	a4,44(sp)
1c008de8:	57f5                	li	a5,-3
1c008dea:	00fd4663          	blt	s10,a5,1c008df6 <pos_libc_prf+0x6d8>
1c008dee:	00140793          	addi	a5,s0,1
1c008df2:	01a7d963          	ble	s10,a5,1c008e04 <pos_libc_prf+0x6e6>
1c008df6:	06700793          	li	a5,103
1c008dfa:	06fb0763          	beq	s6,a5,1c008e68 <pos_libc_prf+0x74a>
1c008dfe:	04500b13          	li	s6,69
1c008e02:	bfb9                	j	1c008d60 <pos_libc_prf+0x642>
1c008e04:	01a407b3          	add	a5,s0,s10
1c008e08:	06600b13          	li	s6,102
1c008e0c:	f407dce3          	bgez	a5,1c008d64 <pos_libc_prf+0x646>
1c008e10:	47c1                	li	a5,16
1c008e12:	de3e                	sw	a5,60(sp)
1c008e14:	4701                	li	a4,0
1c008e16:	080007b7          	lui	a5,0x8000
1c008e1a:	c4ba                	sw	a4,72(sp)
1c008e1c:	c6be                	sw	a5,76(sp)
1c008e1e:	4796                	lw	a5,68(sp)
1c008e20:	4736                	lw	a4,76(sp)
1c008e22:	97ba                	add	a5,a5,a4
1c008e24:	c2be                	sw	a5,68(sp)
1c008e26:	f607b7b3          	p.bclr	a5,a5,27,0
1c008e2a:	e3b1                	bnez	a5,1c008e6e <pos_libc_prf+0x750>
1c008e2c:	05a05b63          	blez	s10,1c008e82 <pos_libc_prf+0x764>
1c008e30:	57a2                	lw	a5,40(sp)
1c008e32:	01a78ab3          	add	s5,a5,s10
1c008e36:	186c                	addi	a1,sp,60
1c008e38:	0088                	addi	a0,sp,64
1c008e3a:	3869                	jal	1c0086d4 <pos_libc_get_digit>
1c008e3c:	5622                	lw	a2,40(sp)
1c008e3e:	00a600ab          	p.sb	a0,1(a2!)
1c008e42:	d432                	sw	a2,40(sp)
1c008e44:	ff5619e3          	bne	a2,s5,1c008e36 <pos_libc_prf+0x718>
1c008e48:	4d01                	li	s10,0
1c008e4a:	4732                	lw	a4,12(sp)
1c008e4c:	e701                	bnez	a4,1c008e54 <pos_libc_prf+0x736>
1c008e4e:	c656                	sw	s5,12(sp)
1c008e50:	00805963          	blez	s0,1c008e62 <pos_libc_prf+0x744>
1c008e54:	001a8793          	addi	a5,s5,1
1c008e58:	c63e                	sw	a5,12(sp)
1c008e5a:	02e00793          	li	a5,46
1c008e5e:	00fa8023          	sb	a5,0(s5)
1c008e62:	8aa2                	mv	s5,s0
1c008e64:	4c32                	lw	s8,12(sp)
1c008e66:	a835                	j	1c008ea2 <pos_libc_prf+0x784>
1c008e68:	06500b13          	li	s6,101
1c008e6c:	bdd5                	j	1c008d60 <pos_libc_prf+0x642>
1c008e6e:	06600b13          	li	s6,102
1c008e72:	0088                	addi	a0,sp,64
1c008e74:	813ff0ef          	jal	ra,1c008686 <pos_libc_ldiv5>
1c008e78:	0088                	addi	a0,sp,64
1c008e7a:	fecff0ef          	jal	ra,1c008666 <pos_libc_rlrshift>
1c008e7e:	0d05                	addi	s10,s10,1
1c008e80:	b71d                	j	1c008da6 <pos_libc_prf+0x688>
1c008e82:	56a2                	lw	a3,40(sp)
1c008e84:	00168a93          	addi	s5,a3,1
1c008e88:	03000793          	li	a5,48
1c008e8c:	00f68023          	sb	a5,0(a3)
1c008e90:	bf6d                	j	1c008e4a <pos_libc_prf+0x72c>
1c008e92:	186c                	addi	a1,sp,60
1c008e94:	0088                	addi	a0,sp,64
1c008e96:	83fff0ef          	jal	ra,1c0086d4 <pos_libc_get_digit>
1c008e9a:	00ac0023          	sb	a0,0(s8) # 1c000000 <__l2_shared_end+0xbfffff8>
1c008e9e:	1afd                	addi	s5,s5,-1
1c008ea0:	0c05                	addi	s8,s8,1
1c008ea2:	29505b63          	blez	s5,1c009138 <pos_libc_prf+0xa1a>
1c008ea6:	fe0d56e3          	bgez	s10,1c008e92 <pos_libc_prf+0x774>
1c008eaa:	03000613          	li	a2,48
1c008eae:	00cc0023          	sb	a2,0(s8)
1c008eb2:	0d05                	addi	s10,s10,1
1c008eb4:	b7ed                	j	1c008e9e <pos_libc_prf+0x780>
1c008eb6:	57a2                	lw	a5,40(sp)
1c008eb8:	00278c13          	addi	s8,a5,2 # 8000002 <__l1_heap_size+0x7ff000a>
1c008ebc:	02e00793          	li	a5,46
1c008ec0:	5622                	lw	a2,40(sp)
1c008ec2:	00f600a3          	sb	a5,1(a2)
1c008ec6:	8ae2                	mv	s5,s8
1c008ec8:	00805c63          	blez	s0,1c008ee0 <pos_libc_prf+0x7c2>
1c008ecc:	008c0ab3          	add	s5,s8,s0
1c008ed0:	186c                	addi	a1,sp,60
1c008ed2:	0088                	addi	a0,sp,64
1c008ed4:	801ff0ef          	jal	ra,1c0086d4 <pos_libc_get_digit>
1c008ed8:	00ac00ab          	p.sb	a0,1(s8!)
1c008edc:	ff5c1ae3          	bne	s8,s5,1c008ed0 <pos_libc_prf+0x7b2>
1c008ee0:	5732                	lw	a4,44(sp)
1c008ee2:	cf19                	beqz	a4,1c008f00 <pos_libc_prf+0x7e2>
1c008ee4:	03000693          	li	a3,48
1c008ee8:	a011                	j	1c008eec <pos_libc_prf+0x7ce>
1c008eea:	8abe                	mv	s5,a5
1c008eec:	fffa8793          	addi	a5,s5,-1
1c008ef0:	0007c703          	lbu	a4,0(a5)
1c008ef4:	fed70be3          	beq	a4,a3,1c008eea <pos_libc_prf+0x7cc>
1c008ef8:	02e00693          	li	a3,46
1c008efc:	06d70363          	beq	a4,a3,1c008f62 <pos_libc_prf+0x844>
1c008f00:	c05b37b3          	p.bclr	a5,s6,0,5
1c008f04:	04500713          	li	a4,69
1c008f08:	02e79a63          	bne	a5,a4,1c008f3c <pos_libc_prf+0x81e>
1c008f0c:	016a8023          	sb	s6,0(s5)
1c008f10:	040d4b63          	bltz	s10,1c008f66 <pos_libc_prf+0x848>
1c008f14:	002a8713          	addi	a4,s5,2
1c008f18:	02b00793          	li	a5,43
1c008f1c:	00fa80a3          	sb	a5,1(s5)
1c008f20:	47a9                	li	a5,10
1c008f22:	02fd46b3          	div	a3,s10,a5
1c008f26:	03068693          	addi	a3,a3,48
1c008f2a:	8aba                	mv	s5,a4
1c008f2c:	00da812b          	p.sb	a3,2(s5!)
1c008f30:	02fd67b3          	rem	a5,s10,a5
1c008f34:	03078793          	addi	a5,a5,48
1c008f38:	00f700a3          	sb	a5,1(a4)
1c008f3c:	000a8023          	sb	zero,0(s5)
1c008f40:	08dc                	addi	a5,sp,84
1c008f42:	40fa8ab3          	sub	s5,s5,a5
1c008f46:	5782                	lw	a5,32(sp)
1c008f48:	4672                	lw	a2,28(sp)
1c008f4a:	8fd1                	or	a5,a5,a2
1c008f4c:	c63e                	sw	a5,12(sp)
1c008f4e:	b00791e3          	bnez	a5,1c008a50 <pos_libc_prf+0x332>
1c008f52:	05414783          	lbu	a5,84(sp)
1c008f56:	fd378793          	addi	a5,a5,-45
1c008f5a:	0017b793          	seqz	a5,a5
1c008f5e:	c63e                	sw	a5,12(sp)
1c008f60:	bcc5                	j	1c008a50 <pos_libc_prf+0x332>
1c008f62:	8abe                	mv	s5,a5
1c008f64:	bf71                	j	1c008f00 <pos_libc_prf+0x7e2>
1c008f66:	41a00d33          	neg	s10,s10
1c008f6a:	002a8713          	addi	a4,s5,2
1c008f6e:	02d00793          	li	a5,45
1c008f72:	00fa80a3          	sb	a5,1(s5)
1c008f76:	b76d                	j	1c008f20 <pos_libc_prf+0x802>
1c008f78:	46a2                	lw	a3,8(sp)
1c008f7a:	429c                	lw	a5,0(a3)
1c008f7c:	c384                	sw	s1,0(a5)
1c008f7e:	0691                	addi	a3,a3,4
1c008f80:	c436                	sw	a3,8(sp)
1c008f82:	ff0ff06f          	j	1c008772 <pos_libc_prf+0x54>
1c008f86:	4ab2                	lw	s5,12(sp)
1c008f88:	c45a                	sw	s6,8(sp)
1c008f8a:	c602                	sw	zero,12(sp)
1c008f8c:	b4d1                	j	1c008a50 <pos_libc_prf+0x332>
1c008f8e:	08c8                	addi	a0,sp,84
1c008f90:	05410a93          	addi	s5,sp,84
1c008f94:	41550ab3          	sub	s5,a0,s5
1c008f98:	86a2                	mv	a3,s0
1c008f9a:	4621                	li	a2,8
1c008f9c:	e62ff0ef          	jal	ra,1c0085fe <pos_libc_to_x>
1c008fa0:	9aaa                	add	s5,s5,a0
1c008fa2:	fff423e3          	p.beqimm	s0,-1,1c008f88 <pos_libc_prf+0x86a>
1c008fa6:	c45a                	sw	s6,8(sp)
1c008fa8:	c602                	sw	zero,12(sp)
1c008faa:	02000713          	li	a4,32
1c008fae:	ca3a                	sw	a4,20(sp)
1c008fb0:	b445                	j	1c008a50 <pos_libc_prf+0x332>
1c008fb2:	4622                	lw	a2,8(sp)
1c008fb4:	00460b13          	addi	s6,a2,4
1c008fb8:	420c                	lw	a1,0(a2)
1c008fba:	03000793          	li	a5,48
1c008fbe:	04f10a23          	sb	a5,84(sp)
1c008fc2:	07800793          	li	a5,120
1c008fc6:	04f10aa3          	sb	a5,85(sp)
1c008fca:	46a1                	li	a3,8
1c008fcc:	4641                	li	a2,16
1c008fce:	05610513          	addi	a0,sp,86
1c008fd2:	e2cff0ef          	jal	ra,1c0085fe <pos_libc_to_x>
1c008fd6:	00250a93          	addi	s5,a0,2
1c008fda:	19f42963          	p.beqimm	s0,-1,1c00916c <pos_libc_prf+0xa4e>
1c008fde:	c45a                	sw	s6,8(sp)
1c008fe0:	c602                	sw	zero,12(sp)
1c008fe2:	02000693          	li	a3,32
1c008fe6:	ca36                	sw	a3,20(sp)
1c008fe8:	b4a5                	j	1c008a50 <pos_libc_prf+0x332>
1c008fea:	00044463          	bltz	s0,1c008ff2 <pos_libc_prf+0x8d4>
1c008fee:	048acab3          	p.min	s5,s5,s0
1c008ff2:	ab5045e3          	bgtz	s5,1c008a9c <pos_libc_prf+0x37e>
1c008ff6:	0c800793          	li	a5,200
1c008ffa:	1357c463          	blt	a5,s5,1c009122 <pos_libc_prf+0xa04>
1c008ffe:	c45a                	sw	s6,8(sp)
1c009000:	f72ff06f          	j	1c008772 <pos_libc_prf+0x54>
1c009004:	47a2                	lw	a5,8(sp)
1c009006:	00478b13          	addi	s6,a5,4
1c00900a:	86a2                	mv	a3,s0
1c00900c:	4629                	li	a2,10
1c00900e:	438c                	lw	a1,0(a5)
1c009010:	08c8                	addi	a0,sp,84
1c009012:	decff0ef          	jal	ra,1c0085fe <pos_libc_to_x>
1c009016:	8aaa                	mv	s5,a0
1c009018:	15f42d63          	p.beqimm	s0,-1,1c009172 <pos_libc_prf+0xa54>
1c00901c:	c45a                	sw	s6,8(sp)
1c00901e:	c602                	sw	zero,12(sp)
1c009020:	02000613          	li	a2,32
1c009024:	ca32                	sw	a2,20(sp)
1c009026:	b42d                	j	1c008a50 <pos_libc_prf+0x332>
1c009028:	05610693          	addi	a3,sp,86
1c00902c:	08d8                	addi	a4,sp,84
1c00902e:	aa2d                	j	1c009168 <pos_libc_prf+0xa4a>
1c009030:	0705                	addi	a4,a4,1
1c009032:	00074783          	lbu	a5,0(a4)
1c009036:	cb99                	beqz	a5,1c00904c <pos_libc_prf+0x92e>
1c009038:	f9f78613          	addi	a2,a5,-97
1c00903c:	0ff67613          	andi	a2,a2,255
1c009040:	fec5e8e3          	bltu	a1,a2,1c009030 <pos_libc_prf+0x912>
1c009044:	1781                	addi	a5,a5,-32
1c009046:	00f70023          	sb	a5,0(a4)
1c00904a:	b7dd                	j	1c009030 <pos_libc_prf+0x912>
1c00904c:	08dc                	addi	a5,sp,84
1c00904e:	8e9d                	sub	a3,a3,a5
1c009050:	9ab6                	add	s5,s5,a3
1c009052:	47b2                	lw	a5,12(sp)
1c009054:	98078ee3          	beqz	a5,1c0089f0 <pos_libc_prf+0x2d2>
1c009058:	4609                	li	a2,2
1c00905a:	c632                	sw	a2,12(sp)
1c00905c:	ba51                	j	1c0089f0 <pos_libc_prf+0x2d2>
1c00905e:	0c800793          	li	a5,200
1c009062:	f167d863          	ble	s6,a5,1c008772 <pos_libc_prf+0x54>
1c009066:	54fd                	li	s1,-1
1c009068:	a8a5                	j	1c0090e0 <pos_libc_prf+0x9c2>
1c00906a:	c43a                	sw	a4,8(sp)
1c00906c:	c602                	sw	zero,12(sp)
1c00906e:	4a85                	li	s5,1
1c009070:	849ff06f          	j	1c0088b8 <pos_libc_prf+0x19a>
1c009074:	8bd6                	mv	s7,s5
1c009076:	ef705e63          	blez	s7,1c008772 <pos_libc_prf+0x54>
1c00907a:	05410a93          	addi	s5,sp,84
1c00907e:	9bd6                	add	s7,s7,s5
1c009080:	8456                	mv	s0,s5
1c009082:	41548ab3          	sub	s5,s1,s5
1c009086:	85ce                	mv	a1,s3
1c009088:	0014450b          	p.lbu	a0,1(s0!)
1c00908c:	9a02                	jalr	s4
1c00908e:	09f52863          	p.beqimm	a0,-1,1c00911e <pos_libc_prf+0xa00>
1c009092:	008a84b3          	add	s1,s5,s0
1c009096:	fe8b98e3          	bne	s7,s0,1c009086 <pos_libc_prf+0x968>
1c00909a:	ed8ff06f          	j	1c008772 <pos_libc_prf+0x54>
1c00909e:	415b8433          	sub	s0,s7,s5
1c0090a2:	001a8613          	addi	a2,s5,1
1c0090a6:	08cc                	addi	a1,sp,84
1c0090a8:	00858533          	add	a0,a1,s0
1c0090ac:	c90ff0ef          	jal	ra,1c00853c <memmove>
1c0090b0:	02000793          	li	a5,32
1c0090b4:	46d2                	lw	a3,20(sp)
1c0090b6:	02f68163          	beq	a3,a5,1c0090d8 <pos_libc_prf+0x9ba>
1c0090ba:	4632                	lw	a2,12(sp)
1c0090bc:	00c407b3          	add	a5,s0,a2
1c0090c0:	faf65be3          	ble	a5,a2,1c009076 <pos_libc_prf+0x958>
1c0090c4:	08d4                	addi	a3,sp,84
1c0090c6:	00c68733          	add	a4,a3,a2
1c0090ca:	8f91                	sub	a5,a5,a2
1c0090cc:	0037c0fb          	lp.setup	x1,a5,1c0090d2 <pos_libc_prf+0x9b4>
1c0090d0:	4652                	lw	a2,20(sp)
1c0090d2:	00c700ab          	p.sb	a2,1(a4!)
1c0090d6:	b745                	j	1c009076 <pos_libc_prf+0x958>
1c0090d8:	5712                	lw	a4,36(sp)
1c0090da:	c63a                	sw	a4,12(sp)
1c0090dc:	bff9                	j	1c0090ba <pos_libc_prf+0x99c>
1c0090de:	84aa                	mv	s1,a0
1c0090e0:	8526                	mv	a0,s1
1c0090e2:	15c12083          	lw	ra,348(sp)
1c0090e6:	15812403          	lw	s0,344(sp)
1c0090ea:	15412483          	lw	s1,340(sp)
1c0090ee:	15012903          	lw	s2,336(sp)
1c0090f2:	14c12983          	lw	s3,332(sp)
1c0090f6:	14812a03          	lw	s4,328(sp)
1c0090fa:	14412a83          	lw	s5,324(sp)
1c0090fe:	14012b03          	lw	s6,320(sp)
1c009102:	13c12b83          	lw	s7,316(sp)
1c009106:	13812c03          	lw	s8,312(sp)
1c00910a:	13412c83          	lw	s9,308(sp)
1c00910e:	13012d03          	lw	s10,304(sp)
1c009112:	12c12d83          	lw	s11,300(sp)
1c009116:	6135                	addi	sp,sp,352
1c009118:	8082                	ret
1c00911a:	84aa                	mv	s1,a0
1c00911c:	b7d1                	j	1c0090e0 <pos_libc_prf+0x9c2>
1c00911e:	84aa                	mv	s1,a0
1c009120:	b7c1                	j	1c0090e0 <pos_libc_prf+0x9c2>
1c009122:	54fd                	li	s1,-1
1c009124:	bf75                	j	1c0090e0 <pos_libc_prf+0x9c2>
1c009126:	86a2                	mv	a3,s0
1c009128:	4629                	li	a2,10
1c00912a:	08c8                	addi	a0,sp,84
1c00912c:	cd2ff0ef          	jal	ra,1c0085fe <pos_libc_to_x>
1c009130:	8aaa                	mv	s5,a0
1c009132:	46f2                	lw	a3,28(sp)
1c009134:	c636                	sw	a3,12(sp)
1c009136:	b239                	j	1c008a44 <pos_libc_prf+0x326>
1c009138:	04046ab3          	p.max	s5,s0,zero
1c00913c:	47b2                	lw	a5,12(sp)
1c00913e:	9abe                	add	s5,s5,a5
1c009140:	5632                	lw	a2,44(sp)
1c009142:	da0611e3          	bnez	a2,1c008ee4 <pos_libc_prf+0x7c6>
1c009146:	bbdd                	j	1c008f3c <pos_libc_prf+0x81e>
1c009148:	86a2                	mv	a3,s0
1c00914a:	4641                	li	a2,16
1c00914c:	08c8                	addi	a0,sp,84
1c00914e:	cb0ff0ef          	jal	ra,1c0085fe <pos_libc_to_x>
1c009152:	8aaa                	mv	s5,a0
1c009154:	05800793          	li	a5,88
1c009158:	88fb1ce3          	bne	s6,a5,1c0089f0 <pos_libc_prf+0x2d2>
1c00915c:	05414783          	lbu	a5,84(sp)
1c009160:	08d4                	addi	a3,sp,84
1c009162:	8736                	mv	a4,a3
1c009164:	880786e3          	beqz	a5,1c0089f0 <pos_libc_prf+0x2d2>
1c009168:	45e5                	li	a1,25
1c00916a:	b5f9                	j	1c009038 <pos_libc_prf+0x91a>
1c00916c:	c45a                	sw	s6,8(sp)
1c00916e:	c602                	sw	zero,12(sp)
1c009170:	b0c5                	j	1c008a50 <pos_libc_prf+0x332>
1c009172:	c45a                	sw	s6,8(sp)
1c009174:	c602                	sw	zero,12(sp)
1c009176:	b8e9                	j	1c008a50 <pos_libc_prf+0x332>
1c009178:	57a2                	lw	a5,40(sp)
1c00917a:	00278c13          	addi	s8,a5,2
1c00917e:	02e00793          	li	a5,46
1c009182:	5622                	lw	a2,40(sp)
1c009184:	00f600a3          	sb	a5,1(a2)
1c009188:	b391                	j	1c008ecc <pos_libc_prf+0x7ae>
1c00918a:	4a81                	li	s5,0
1c00918c:	e60451e3          	bgez	s0,1c008fee <pos_libc_prf+0x8d0>
1c009190:	c45a                	sw	s6,8(sp)
1c009192:	de0ff06f          	j	1c008772 <pos_libc_prf+0x54>
1c009196:	05414783          	lbu	a5,84(sp)
1c00919a:	e80797e3          	bnez	a5,1c009028 <pos_libc_prf+0x90a>
1c00919e:	0a89                	addi	s5,s5,2
1c0091a0:	4689                	li	a3,2
1c0091a2:	c636                	sw	a3,12(sp)
1c0091a4:	84dff06f          	j	1c0089f0 <pos_libc_prf+0x2d2>

1c0091a8 <pos_init_start>:
1c0091a8:	1141                	addi	sp,sp,-16
1c0091aa:	c606                	sw	ra,12(sp)
1c0091ac:	c422                	sw	s0,8(sp)
1c0091ae:	accff0ef          	jal	ra,1c00847a <pos_soc_init>
1c0091b2:	22e9                	jal	1c00937c <pos_irq_init>
1c0091b4:	2c11                	jal	1c0093c8 <pos_soc_event_init>
1c0091b6:	28ed                	jal	1c0092b0 <pos_allocs_init>
1c0091b8:	1c0007b7          	lui	a5,0x1c000
1c0091bc:	00c7a783          	lw	a5,12(a5) # 1c00000c <ctor_list+0x4>
1c0091c0:	cb89                	beqz	a5,1c0091d2 <pos_init_start+0x2a>
1c0091c2:	1c000437          	lui	s0,0x1c000
1c0091c6:	01040413          	addi	s0,s0,16 # 1c000010 <__CTOR_END__>
1c0091ca:	9782                	jalr	a5
1c0091cc:	0044278b          	p.lw	a5,4(s0!)
1c0091d0:	ffed                	bnez	a5,1c0091ca <pos_init_start+0x22>
1c0091d2:	bfaff0ef          	jal	ra,1c0085cc <pos_io_start>
1c0091d6:	300467f3          	csrrsi	a5,mstatus,8
1c0091da:	f14027f3          	csrr	a5,mhartid
1c0091de:	ca5797b3          	p.extractu	a5,a5,5,5
1c0091e2:	477d                	li	a4,31
1c0091e4:	00e78c63          	beq	a5,a4,1c0091fc <pos_init_start+0x54>
1c0091e8:	f1402573          	csrr	a0,mhartid
1c0091ec:	8515                	srai	a0,a0,0x5
1c0091ee:	1c0085b7          	lui	a1,0x1c008
1c0091f2:	1c458593          	addi	a1,a1,452 # 1c0081c4 <main>
1c0091f6:	f2653533          	p.bclr	a0,a0,25,6
1c0091fa:	2c61                	jal	1c009492 <cluster_start>
1c0091fc:	40b2                	lw	ra,12(sp)
1c0091fe:	4422                	lw	s0,8(sp)
1c009200:	0141                	addi	sp,sp,16
1c009202:	8082                	ret

1c009204 <pos_init_stop>:
1c009204:	1141                	addi	sp,sp,-16
1c009206:	c606                	sw	ra,12(sp)
1c009208:	c422                	sw	s0,8(sp)
1c00920a:	bc6ff0ef          	jal	ra,1c0085d0 <pos_io_stop>
1c00920e:	1c0007b7          	lui	a5,0x1c000
1c009212:	0187a783          	lw	a5,24(a5) # 1c000018 <dtor_list+0x4>
1c009216:	cb89                	beqz	a5,1c009228 <pos_init_stop+0x24>
1c009218:	1c000437          	lui	s0,0x1c000
1c00921c:	01c40413          	addi	s0,s0,28 # 1c00001c <__DTOR_END__>
1c009220:	9782                	jalr	a5
1c009222:	0044278b          	p.lw	a5,4(s0!)
1c009226:	ffed                	bnez	a5,1c009220 <pos_init_stop+0x1c>
1c009228:	40b2                	lw	ra,12(sp)
1c00922a:	4422                	lw	s0,8(sp)
1c00922c:	0141                	addi	sp,sp,16
1c00922e:	8082                	ret

1c009230 <pos_alloc_init>:
1c009230:	00758793          	addi	a5,a1,7
1c009234:	c407b7b3          	p.bclr	a5,a5,2,0
1c009238:	c11c                	sw	a5,0(a0)
1c00923a:	40b785b3          	sub	a1,a5,a1
1c00923e:	8e0d                	sub	a2,a2,a1
1c009240:	00c05763          	blez	a2,1c00924e <pos_alloc_init+0x1e>
1c009244:	c4063633          	p.bclr	a2,a2,2,0
1c009248:	c390                	sw	a2,0(a5)
1c00924a:	0007a223          	sw	zero,4(a5)
1c00924e:	8082                	ret

1c009250 <pos_alloc>:
1c009250:	4118                	lw	a4,0(a0)
1c009252:	059d                	addi	a1,a1,7
1c009254:	c405b5b3          	p.bclr	a1,a1,2,0
1c009258:	c739                	beqz	a4,1c0092a6 <pos_alloc+0x56>
1c00925a:	431c                	lw	a5,0(a4)
1c00925c:	00b7c963          	blt	a5,a1,1c00926e <pos_alloc+0x1e>
1c009260:	4314                	lw	a3,0(a4)
1c009262:	02d58c63          	beq	a1,a3,1c00929a <pos_alloc+0x4a>
1c009266:	87ba                	mv	a5,a4
1c009268:	4701                	li	a4,0
1c00926a:	a811                	j	1c00927e <pos_alloc+0x2e>
1c00926c:	873e                	mv	a4,a5
1c00926e:	435c                	lw	a5,4(a4)
1c009270:	cf8d                	beqz	a5,1c0092aa <pos_alloc+0x5a>
1c009272:	4394                	lw	a3,0(a5)
1c009274:	feb6cce3          	blt	a3,a1,1c00926c <pos_alloc+0x1c>
1c009278:	4394                	lw	a3,0(a5)
1c00927a:	00b68c63          	beq	a3,a1,1c009292 <pos_alloc+0x42>
1c00927e:	00b78633          	add	a2,a5,a1
1c009282:	40b685b3          	sub	a1,a3,a1
1c009286:	c20c                	sw	a1,0(a2)
1c009288:	43d4                	lw	a3,4(a5)
1c00928a:	c254                	sw	a3,4(a2)
1c00928c:	cb19                	beqz	a4,1c0092a2 <pos_alloc+0x52>
1c00928e:	c350                	sw	a2,4(a4)
1c009290:	a831                	j	1c0092ac <pos_alloc+0x5c>
1c009292:	c709                	beqz	a4,1c00929c <pos_alloc+0x4c>
1c009294:	43d4                	lw	a3,4(a5)
1c009296:	c354                	sw	a3,4(a4)
1c009298:	a811                	j	1c0092ac <pos_alloc+0x5c>
1c00929a:	87ba                	mv	a5,a4
1c00929c:	43d8                	lw	a4,4(a5)
1c00929e:	c118                	sw	a4,0(a0)
1c0092a0:	a031                	j	1c0092ac <pos_alloc+0x5c>
1c0092a2:	c110                	sw	a2,0(a0)
1c0092a4:	a021                	j	1c0092ac <pos_alloc+0x5c>
1c0092a6:	4781                	li	a5,0
1c0092a8:	a011                	j	1c0092ac <pos_alloc+0x5c>
1c0092aa:	4781                	li	a5,0
1c0092ac:	853e                	mv	a0,a5
1c0092ae:	8082                	ret

1c0092b0 <pos_allocs_init>:
1c0092b0:	1141                	addi	sp,sp,-16
1c0092b2:	c606                	sw	ra,12(sp)
1c0092b4:	1c007637          	lui	a2,0x1c007
1c0092b8:	a2860613          	addi	a2,a2,-1496 # 1c006a28 <__l2_priv0_end>
1c0092bc:	1c0087b7          	lui	a5,0x1c008
1c0092c0:	02f64463          	blt	a2,a5,1c0092e8 <pos_allocs_init+0x38>
1c0092c4:	4581                	li	a1,0
1c0092c6:	4601                	li	a2,0
1c0092c8:	1c007537          	lui	a0,0x1c007
1c0092cc:	a1850513          	addi	a0,a0,-1512 # 1c006a18 <pos_alloc_l2>
1c0092d0:	3785                	jal	1c009230 <pos_alloc_init>
1c0092d2:	1c009637          	lui	a2,0x1c009
1c0092d6:	57460613          	addi	a2,a2,1396 # 1c009574 <__l2_priv1_end>
1c0092da:	1c0107b7          	lui	a5,0x1c010
1c0092de:	00f64e63          	blt	a2,a5,1c0092fa <pos_allocs_init+0x4a>
1c0092e2:	4581                	li	a1,0
1c0092e4:	4601                	li	a2,0
1c0092e6:	a015                	j	1c00930a <pos_allocs_init+0x5a>
1c0092e8:	1c0087b7          	lui	a5,0x1c008
1c0092ec:	40c78633          	sub	a2,a5,a2
1c0092f0:	1c0075b7          	lui	a1,0x1c007
1c0092f4:	a2858593          	addi	a1,a1,-1496 # 1c006a28 <__l2_priv0_end>
1c0092f8:	bfc1                	j	1c0092c8 <pos_allocs_init+0x18>
1c0092fa:	1c0107b7          	lui	a5,0x1c010
1c0092fe:	40c78633          	sub	a2,a5,a2
1c009302:	1c0095b7          	lui	a1,0x1c009
1c009306:	57458593          	addi	a1,a1,1396 # 1c009574 <__l2_priv1_end>
1c00930a:	1c007537          	lui	a0,0x1c007
1c00930e:	a1c50513          	addi	a0,a0,-1508 # 1c006a1c <pos_alloc_l2+0x4>
1c009312:	3f39                	jal	1c009230 <pos_alloc_init>
1c009314:	100005b7          	lui	a1,0x10000
1c009318:	00858793          	addi	a5,a1,8 # 10000008 <__l2_shared_end>
1c00931c:	1c080637          	lui	a2,0x1c080
1c009320:	8e1d                	sub	a2,a2,a5
1c009322:	00858593          	addi	a1,a1,8
1c009326:	1c007537          	lui	a0,0x1c007
1c00932a:	a2050513          	addi	a0,a0,-1504 # 1c006a20 <pos_alloc_l2+0x8>
1c00932e:	3709                	jal	1c009230 <pos_alloc_init>
1c009330:	40b2                	lw	ra,12(sp)
1c009332:	0141                	addi	sp,sp,16
1c009334:	8082                	ret

1c009336 <alloc_init_l1>:
1c009336:	1141                	addi	sp,sp,-16
1c009338:	c606                	sw	ra,12(sp)
1c00933a:	01651593          	slli	a1,a0,0x16
1c00933e:	050a                	slli	a0,a0,0x2
1c009340:	6641                	lui	a2,0x10
1c009342:	ff860613          	addi	a2,a2,-8 # fff8 <__l1_heap_size>
1c009346:	100007b7          	lui	a5,0x10000
1c00934a:	00878793          	addi	a5,a5,8 # 10000008 <__l2_shared_end>
1c00934e:	95be                	add	a1,a1,a5
1c009350:	1c0077b7          	lui	a5,0x1c007
1c009354:	a1478793          	addi	a5,a5,-1516 # 1c006a14 <pos_alloc_l1>
1c009358:	953e                	add	a0,a0,a5
1c00935a:	3dd9                	jal	1c009230 <pos_alloc_init>
1c00935c:	40b2                	lw	ra,12(sp)
1c00935e:	0141                	addi	sp,sp,16
1c009360:	8082                	ret

1c009362 <pi_l1_malloc>:
1c009362:	1141                	addi	sp,sp,-16
1c009364:	c606                	sw	ra,12(sp)
1c009366:	050a                	slli	a0,a0,0x2
1c009368:	1c0077b7          	lui	a5,0x1c007
1c00936c:	a1478793          	addi	a5,a5,-1516 # 1c006a14 <pos_alloc_l1>
1c009370:	953e                	add	a0,a0,a5
1c009372:	3df9                	jal	1c009250 <pos_alloc>
1c009374:	40b2                	lw	ra,12(sp)
1c009376:	0141                	addi	sp,sp,16
1c009378:	8082                	ret

1c00937a <__rt_handle_illegal_instr>:
1c00937a:	8082                	ret

1c00937c <pos_irq_init>:
1c00937c:	f14027f3          	csrr	a5,mhartid
1c009380:	ca5797b3          	p.extractu	a5,a5,5,5
1c009384:	477d                	li	a4,31
1c009386:	02e78663          	beq	a5,a4,1c0093b2 <pos_irq_init+0x36>
1c00938a:	002047b7          	lui	a5,0x204
1c00938e:	577d                	li	a4,-1
1c009390:	cb98                	sw	a4,16(a5)
1c009392:	1c0087b7          	lui	a5,0x1c008
1c009396:	00078793          	mv	a5,a5
1c00939a:	f1402773          	csrr	a4,mhartid
1c00939e:	ca571733          	p.extractu	a4,a4,5,5
1c0093a2:	46fd                	li	a3,31
1c0093a4:	00d70d63          	beq	a4,a3,1c0093be <pos_irq_init+0x42>
1c0093a8:	c007c7b3          	p.bset	a5,a5,0,0
1c0093ac:	30579073          	csrw	mtvec,a5
1c0093b0:	8082                	ret
1c0093b2:	1a10a7b7          	lui	a5,0x1a10a
1c0093b6:	577d                	li	a4,-1
1c0093b8:	80e7a423          	sw	a4,-2040(a5) # 1a109808 <__l2_shared_end+0xa109800>
1c0093bc:	bfd9                	j	1c009392 <pos_irq_init+0x16>
1c0093be:	c007c7b3          	p.bset	a5,a5,0,0
1c0093c2:	30579073          	csrw	mtvec,a5
1c0093c6:	8082                	ret

1c0093c8 <pos_soc_event_init>:
1c0093c8:	1a1067b7          	lui	a5,0x1a106
1c0093cc:	00478693          	addi	a3,a5,4 # 1a106004 <__l2_shared_end+0xa105ffc>
1c0093d0:	577d                	li	a4,-1
1c0093d2:	c298                	sw	a4,0(a3)
1c0093d4:	00878693          	addi	a3,a5,8
1c0093d8:	c298                	sw	a4,0(a3)
1c0093da:	00c78693          	addi	a3,a5,12
1c0093de:	c298                	sw	a4,0(a3)
1c0093e0:	01078693          	addi	a3,a5,16
1c0093e4:	c298                	sw	a4,0(a3)
1c0093e6:	01478693          	addi	a3,a5,20
1c0093ea:	c298                	sw	a4,0(a3)
1c0093ec:	01878693          	addi	a3,a5,24
1c0093f0:	c298                	sw	a4,0(a3)
1c0093f2:	01c78693          	addi	a3,a5,28
1c0093f6:	c298                	sw	a4,0(a3)
1c0093f8:	02078793          	addi	a5,a5,32
1c0093fc:	c398                	sw	a4,0(a5)
1c0093fe:	8082                	ret

1c009400 <bench_cluster_exec>:
1c009400:	f14027f3          	csrr	a5,mhartid
1c009404:	ca5797b3          	p.extractu	a5,a5,5,5
1c009408:	00a78d63          	beq	a5,a0,1c009422 <bench_cluster_exec+0x22>
1c00940c:	1141                	addi	sp,sp,-16
1c00940e:	c606                	sw	ra,12(sp)
1c009410:	c422                	sw	s0,8(sp)
1c009412:	842a                	mv	s0,a0
1c009414:	28bd                	jal	1c009492 <cluster_start>
1c009416:	8522                	mv	a0,s0
1c009418:	222d                	jal	1c009542 <cluster_wait>
1c00941a:	40b2                	lw	ra,12(sp)
1c00941c:	4422                	lw	s0,8(sp)
1c00941e:	0141                	addi	sp,sp,16
1c009420:	8082                	ret
1c009422:	4501                	li	a0,0
1c009424:	8082                	ret

1c009426 <bench_cluster_forward>:
1c009426:	1141                	addi	sp,sp,-16
1c009428:	c606                	sw	ra,12(sp)
1c00942a:	1c0085b7          	lui	a1,0x1c008
1c00942e:	1c458593          	addi	a1,a1,452 # 1c0081c4 <main>
1c009432:	37f9                	jal	1c009400 <bench_cluster_exec>
1c009434:	40b2                	lw	ra,12(sp)
1c009436:	0141                	addi	sp,sp,16
1c009438:	8082                	ret

1c00943a <cluster_entry_stub>:
1c00943a:	1141                	addi	sp,sp,-16
1c00943c:	c606                	sw	ra,12(sp)
1c00943e:	002047b7          	lui	a5,0x204
1c009442:	00878713          	addi	a4,a5,8 # 204008 <__l1_heap_size+0x1f4010>
1c009446:	000706b7          	lui	a3,0x70
1c00944a:	c314                	sw	a3,0(a4)
1c00944c:	20078693          	addi	a3,a5,512
1c009450:	0ff00713          	li	a4,255
1c009454:	c298                	sw	a4,0(a3)
1c009456:	20c78793          	addi	a5,a5,524
1c00945a:	c398                	sw	a4,0(a5)
1c00945c:	1c0077b7          	lui	a5,0x1c007
1c009460:	a247a783          	lw	a5,-1500(a5) # 1c006a24 <cluster_entry>
1c009464:	9782                	jalr	a5
1c009466:	f14027f3          	csrr	a5,mhartid
1c00946a:	f457b7b3          	p.bclr	a5,a5,26,5
1c00946e:	eb89                	bnez	a5,1c009480 <cluster_entry_stub+0x46>
1c009470:	1c0077b7          	lui	a5,0x1c007
1c009474:	9ea7aa23          	sw	a0,-1548(a5) # 1c0069f4 <cluster_retval>
1c009478:	1c0077b7          	lui	a5,0x1c007
1c00947c:	9e07ac23          	sw	zero,-1544(a5) # 1c0069f8 <cluster_running>
1c009480:	002047b7          	lui	a5,0x204
1c009484:	00478713          	addi	a4,a5,4 # 204004 <__l1_heap_size+0x1f400c>
1c009488:	56fd                	li	a3,-1
1c00948a:	c314                	sw	a3,0(a4)
1c00948c:	0387e703          	p.elw	a4,56(a5)
1c009490:	a001                	j	1c009490 <cluster_entry_stub+0x56>

1c009492 <cluster_start>:
1c009492:	1141                	addi	sp,sp,-16
1c009494:	c606                	sw	ra,12(sp)
1c009496:	c422                	sw	s0,8(sp)
1c009498:	c226                	sw	s1,4(sp)
1c00949a:	84aa                	mv	s1,a0
1c00949c:	1c0077b7          	lui	a5,0x1c007
1c0094a0:	a2b7a223          	sw	a1,-1500(a5) # 1c006a24 <cluster_entry>
1c0094a4:	4509                	li	a0,2
1c0094a6:	efdfe0ef          	jal	ra,1c0083a2 <pos_fll_init>
1c0094aa:	8526                	mv	a0,s1
1c0094ac:	3569                	jal	1c009336 <alloc_init_l1>
1c0094ae:	04048413          	addi	s0,s1,64
1c0094b2:	045a                	slli	s0,s0,0x16
1c0094b4:	002017b7          	lui	a5,0x201
1c0094b8:	40078793          	addi	a5,a5,1024 # 201400 <__l1_heap_size+0x1f1408>
1c0094bc:	577d                	li	a4,-1
1c0094be:	00e467a3          	p.sw	a4,a5(s0)
1c0094c2:	f14027f3          	csrr	a5,mhartid
1c0094c6:	ca5797b3          	p.extractu	a5,a5,5,5
1c0094ca:	477d                	li	a4,31
1c0094cc:	04e79b63          	bne	a5,a4,1c009522 <cluster_start+0x90>
1c0094d0:	8526                	mv	a0,s1
1c0094d2:	3595                	jal	1c009336 <alloc_init_l1>
1c0094d4:	6591                	lui	a1,0x4
1c0094d6:	8526                	mv	a0,s1
1c0094d8:	3569                	jal	1c009362 <pi_l1_malloc>
1c0094da:	100007b7          	lui	a5,0x10000
1c0094de:	00a7a223          	sw	a0,4(a5) # 10000004 <cluster_stacks>
1c0094e2:	c91d                	beqz	a0,1c009518 <cluster_start+0x86>
1c0094e4:	1c0077b7          	lui	a5,0x1c007
1c0094e8:	4705                	li	a4,1
1c0094ea:	9ee7ac23          	sw	a4,-1544(a5) # 1c0069f8 <cluster_running>
1c0094ee:	00200737          	lui	a4,0x200
1c0094f2:	04070713          	addi	a4,a4,64 # 200040 <__l1_heap_size+0x1f0048>
1c0094f6:	9722                	add	a4,a4,s0
1c0094f8:	1c0086b7          	lui	a3,0x1c008
1c0094fc:	08068693          	addi	a3,a3,128 # 1c008080 <_start>
1c009500:	008250fb          	lp.setupi	x1,8,1c009508 <cluster_start+0x76>
1c009504:	00d7222b          	p.sw	a3,4(a4!)
1c009508:	0001                	nop
1c00950a:	002007b7          	lui	a5,0x200
1c00950e:	07a1                	addi	a5,a5,8
1c009510:	0ff00713          	li	a4,255
1c009514:	00e467a3          	p.sw	a4,a5(s0)
1c009518:	40b2                	lw	ra,12(sp)
1c00951a:	4422                	lw	s0,8(sp)
1c00951c:	4492                	lw	s1,4(sp)
1c00951e:	0141                	addi	sp,sp,16
1c009520:	8082                	ret
1c009522:	002047b7          	lui	a5,0x204
1c009526:	00878713          	addi	a4,a5,8 # 204008 <__l1_heap_size+0x1f4010>
1c00952a:	000706b7          	lui	a3,0x70
1c00952e:	c314                	sw	a3,0(a4)
1c009530:	20078693          	addi	a3,a5,512
1c009534:	0ff00713          	li	a4,255
1c009538:	c298                	sw	a4,0(a3)
1c00953a:	20c78793          	addi	a5,a5,524
1c00953e:	c398                	sw	a4,0(a5)
1c009540:	bf41                	j	1c0094d0 <cluster_start+0x3e>

1c009542 <cluster_wait>:
1c009542:	1c007737          	lui	a4,0x1c007
1c009546:	9f870793          	addi	a5,a4,-1544 # 1c0069f8 <cluster_running>
1c00954a:	439c                	lw	a5,0(a5)
1c00954c:	ffed                	bnez	a5,1c009546 <cluster_wait+0x4>
1c00954e:	1c0077b7          	lui	a5,0x1c007
1c009552:	9f47a503          	lw	a0,-1548(a5) # 1c0069f4 <cluster_retval>
1c009556:	8082                	ret

1c009558 <synch_barrier>:
1c009558:	f14027f3          	csrr	a5,mhartid
1c00955c:	ca5797b3          	p.extractu	a5,a5,5,5
1c009560:	477d                	li	a4,31
1c009562:	00e78863          	beq	a5,a4,1c009572 <synch_barrier+0x1a>
1c009566:	002047b7          	lui	a5,0x204
1c00956a:	20078793          	addi	a5,a5,512 # 204200 <__l1_heap_size+0x1f4208>
1c00956e:	01c7e703          	p.elw	a4,28(a5)
1c009572:	8082                	ret
